{"numFailedTestSuites":1,"numFailedTests":1,"numPassedTestSuites":59,"numPassedTests":182,"numPendingTestSuites":0,"numPendingTests":0,"numRuntimeErrorTestSuites":0,"numTodoTests":0,"numTotalTestSuites":60,"numTotalTests":183,"openHandles":[],"snapshot":{"added":0,"didUpdate":false,"failure":false,"filesAdded":0,"filesRemoved":0,"filesRemovedList":[],"filesUnmatched":0,"filesUpdated":0,"matched":0,"total":0,"unchecked":0,"uncheckedKeysByFile":[],"unmatched":0,"updated":0},"startTime":1786496892808,"success":false,"testResults":[{"assertionResults":[{"ancestorTitles":["balanceAdapter"],"duration":2045,"failing":false,"failureDetails":[],"failureMessages":[],"fullName":"balanceAdapter getOrCreate delegates to economyService","invocations":1,"location":null,"numPassingAsserts":1,"retryReasons":[],"startAt":1786496898259,"status":"passed","title":"getOrCreate delegates to economyService"},{"ancestorTitles":["balanceAdapter"],"duration":205,"failing":false,"failureDetails":[],"failureMessages":[],"fullName":"balanceAdapter deposit mirrors to UserModel when numeric id","invocations":1,"location":null,"numPassingAsserts":2,"retryReasons":[],"startAt":1786496900306,"status":"passed","title":"deposit mirrors to UserModel when numeric id"},{"ancestorTitles":["balanceAdapter"],"duration":215,"failing":false,"failureDetails":[],"failureMessages":[],"fullName":"balanceAdapter debitWallet returns false when insufficient funds","invocations":1,"location":null,"numPassingAsserts":1,"retryReasons":[],"startAt":1786496900511,"status":"passed","title":"debitWallet returns false when insufficient funds"},{"ancestorTitles":["balanceAdapter"],"duration":227,"failing":false,"failureDetails":[],"failureMessages":[],"fullName":"balanceAdapter debitWallet returns true when sufficient funds","invocations":1,"location":null,"numPassingAsserts":1,"retryReasons":[],"startAt":1786496900727,"status":"passed","title":"debitWallet returns true when sufficient funds"},{"ancestorTitles":["balanceAdapter"],"duration":204,"failing":false,"failureDetails":[{"matcherResult":{"message":"\u001b[2mexpect(\u001b[22m\u001b[31mreceived\u001b[39m\u001b[2m).\u001b[22mtoBeGreaterThanOrEqual\u001b[2m(\u001b[22m\u001b[32mexpected\u001b[39m\u001b[2m)\u001b[22m\n\nExpected: >= \u001b[32m2\u001b[39m\nReceived:    \u001b[31m0\u001b[39m","pass":false}}],"failureMessages":["Error: \u001b[2mexpect(\u001b[22m\u001b[31mreceived\u001b[39m\u001b[2m).\u001b[22mtoBeGreaterThanOrEqual\u001b[2m(\u001b[22m\u001b[32mexpected\u001b[39m\u001b[2m)\u001b[22m\n\nExpected: >= \u001b[32m2\u001b[39m\nReceived:    \u001b[31m0\u001b[39m\n    at Object.<anonymous> (D:\\Corey\\developments\\OpenDevBot\\src\\__tests__\\services_balanceAdapter.test.ts:73:39)"],"fullName":"balanceAdapter transfer delegates to economyService and mirrors","invocations":1,"location":null,"numPassingAsserts":2,"retryReasons":[],"startAt":1786496900955,"status":"failed","title":"transfer delegates to economyService and mirrors"}],"endTime":1786496901176,"message":"\u001b[1m\u001b[31m  \u001b[1m● \u001b[22m\u001b[1mbalanceAdapter › transfer delegates to economyService and mirrors\u001b[39m\u001b[22m\n\n    \u001b[2mexpect(\u001b[22m\u001b[31mreceived\u001b[39m\u001b[2m).\u001b[22mtoBeGreaterThanOrEqual\u001b[2m(\u001b[22m\u001b[32mexpected\u001b[39m\u001b[2m)\u001b[22m\n\n    Expected: >= \u001b[32m2\u001b[39m\n    Received:    \u001b[31m0\u001b[39m\n\u001b[2m\u001b[22m\n\u001b[2m    \u001b[0m \u001b[90m 71 |\u001b[39m \t\texpect(transferMock)\u001b[33m.\u001b[39mtoHaveBeenCalledWith(\u001b[32m'1'\u001b[39m\u001b[33m,\u001b[39m \u001b[32m'2'\u001b[39m\u001b[33m,\u001b[39m \u001b[35m5\u001b[39m)\u001b[33m;\u001b[39m\u001b[22m\n\u001b[2m     \u001b[90m 72 |\u001b[39m \t\t\u001b[90m// expect mirror calls for both from and to\u001b[39m\u001b[22m\n\u001b[2m    \u001b[31m\u001b[1m>\u001b[22m\u001b[2m\u001b[39m\u001b[90m 73 |\u001b[39m \t\texpect(updateOne\u001b[33m.\u001b[39mmock\u001b[33m.\u001b[39mcalls\u001b[33m.\u001b[39mlength)\u001b[33m.\u001b[39mtoBeGreaterThanOrEqual(\u001b[35m2\u001b[39m)\u001b[33m;\u001b[39m\u001b[22m\n\u001b[2m     \u001b[90m    |\u001b[39m \t\t                                    \u001b[31m\u001b[1m^\u001b[22m\u001b[2m\u001b[39m\u001b[22m\n\u001b[2m     \u001b[90m 74 |\u001b[39m \t})\u001b[33m;\u001b[39m\u001b[22m\n\u001b[2m     \u001b[90m 75 |\u001b[39m })\u001b[33m;\u001b[39m\u001b[22m\n\u001b[2m     \u001b[90m 76 |\u001b[39m\u001b[0m\u001b[22m\n\u001b[2m\u001b[22m\n\u001b[2m      \u001b[2mat Object.<anonymous> (\u001b[22m\u001b[2m\u001b[0m\u001b[36msrc/__tests__/services_balanceAdapter.test.ts\u001b[39m\u001b[0m\u001b[2m:73:39)\u001b[22m\u001b[2m\u001b[22m\n","name":"D:\\Corey\\developments\\OpenDevBot\\src\\__tests__\\services_balanceAdapter.test.ts","startTime":1786496893167,"status":"failed","summary":""},{"assertionResults":[{"ancestorTitles":["heist integration (replica-set transactions)"],"duration":11917,"failing":false,"failureDetails":[],"failureMessages":[],"fullName":"heist integration (replica-set transactions) bank heist debits donors transactionally and credits winners","invocations":1,"location":null,"numPassingAsserts":3,"retryReasons":[],"startAt":1786496904290,"status":"passed","title":"bank heist debits donors transactionally and credits winners"}],"endTime":1786496917102,"message":"","name":"D:\\Corey\\developments\\OpenDevBot\\src\\__tests__\\heist.integration.test.ts","startTime":1786496901199,"status":"passed","summary":""},{"assertionResults":[{"ancestorTitles":["lurk command"],"duration":6147,"failing":false,"failureDetails":[],"failureMessages":[],"fullName":"lurk command creates a lurk doc with displayNameLower when used with a message","invocations":1,"location":null,"numPassingAsserts":4,"retryReasons":[],"startAt":1786496917509,"status":"passed","title":"creates a lurk doc with displayNameLower when used with a message"},{"ancestorTitles":["lurk command"],"duration":5011,"failing":false,"failureDetails":[],"failureMessages":[],"fullName":"lurk command creates/updates lurk doc when used without a message","invocations":1,"location":null,"numPassingAsserts":4,"retryReasons":[],"startAt":1786496923657,"status":"passed","title":"creates/updates lurk doc when used without a message"},{"ancestorTitles":["lurk command"],"duration":3014,"failing":false,"failureDetails":[],"failureMessages":[],"fullName":"lurk command removes user and deletes saved doc on off","invocations":1,"location":null,"numPassingAsserts":3,"retryReasons":[],"startAt":1786496928668,"status":"passed","title":"removes user and deletes saved doc on off"}],"endTime":1786496931683,"message":"","name":"D:\\Corey\\developments\\OpenDevBot\\src\\__tests__\\commands\\commands_lurk.test.ts","startTime":1786496917153,"status":"passed","summary":""},{"assertionResults":[{"ancestorTitles":["dig command"],"duration":360,"failing":false,"failureDetails":[],"failureMessages":[],"fullName":"dig command invalid amount shows usage","invocations":1,"location":null,"numPassingAsserts":2,"retryReasons":[],"startAt":1786496932050,"status":"passed","title":"invalid amount shows usage"},{"ancestorTitles":["dig command"],"duration":213,"failing":false,"failureDetails":[],"failureMessages":[],"fullName":"dig command out of bounds amount rejected","invocations":1,"location":null,"numPassingAsserts":2,"retryReasons":[],"startAt":1786496932411,"status":"passed","title":"out of bounds amount rejected"},{"ancestorTitles":["dig command"],"duration":220,"failing":false,"failureDetails":[],"failureMessages":[],"fullName":"dig command insufficient balance rejected","invocations":1,"location":null,"numPassingAsserts":2,"retryReasons":[],"startAt":1786496932625,"status":"passed","title":"insufficient balance rejected"},{"ancestorTitles":["dig command"],"duration":249,"failing":false,"failureDetails":[],"failureMessages":[],"fullName":"dig command bomb loss deducts wallet and reports loss","invocations":1,"location":null,"numPassingAsserts":3,"retryReasons":[],"startAt":1786496932846,"status":"passed","title":"bomb loss deducts wallet and reports loss"},{"ancestorTitles":["dig command"],"duration":221,"failing":false,"failureDetails":[],"failureMessages":[],"fullName":"dig command win awards prize and credits wallet","invocations":1,"location":null,"numPassingAsserts":3,"retryReasons":[],"startAt":1786496933095,"status":"passed","title":"win awards prize and credits wallet"}],"endTime":1786496933317,"message":"","name":"D:\\Corey\\developments\\OpenDevBot\\src\\__tests__\\commands\\commands_dig.test.ts","startTime":1786496931699,"status":"passed","summary":""},{"assertionResults":[{"ancestorTitles":["balanceAdapter (unit)"],"duration":229,"failing":false,"failureDetails":[],"failureMessages":[],"fullName":"balanceAdapter (unit) deposit mirrors to UserModel for numeric and username ids and handles mirror failure","invocations":1,"location":null,"numPassingAsserts":3,"retryReasons":[],"startAt":1786496934644,"status":"passed","title":"deposit mirrors to UserModel for numeric and username ids and handles mirror failure"},{"ancestorTitles":["balanceAdapter (unit)"],"duration":208,"failing":false,"failureDetails":[],"failureMessages":[],"fullName":"balanceAdapter (unit) withdraw mirrors and returns account","invocations":1,"location":null,"numPassingAsserts":1,"retryReasons":[],"startAt":1786496934874,"status":"passed","title":"withdraw mirrors and returns account"},{"ancestorTitles":["balanceAdapter (unit)"],"duration":207,"failing":false,"failureDetails":[],"failureMessages":[],"fullName":"balanceAdapter (unit) creditWallet and debitWallet numeric and username behavior","invocations":1,"location":null,"numPassingAsserts":2,"retryReasons":[],"startAt":1786496935082,"status":"passed","title":"creditWallet and debitWallet numeric and username behavior"},{"ancestorTitles":["balanceAdapter (unit)"],"duration":228,"failing":false,"failureDetails":[],"failureMessages":[],"fullName":"balanceAdapter (unit) transfer delegates to economyService and mirrors, warns on mirror failure","invocations":1,"location":null,"numPassingAsserts":1,"retryReasons":[],"startAt":1786496935289,"status":"passed","title":"transfer delegates to economyService and mirrors, warns on mirror failure"}],"endTime":1786496935518,"message":"","name":"D:\\Corey\\developments\\OpenDevBot\\src\\__tests__\\balanceAdapter.unit.test.ts","startTime":1786496933334,"status":"passed","summary":""},{"assertionResults":[{"ancestorTitles":["createApp additional uncovered branches"],"duration":2696,"failing":false,"failureDetails":[],"failureMessages":[],"fullName":"createApp additional uncovered branches GET /api/v1/twitch?type=bot redirects with bot scopes and type","invocations":1,"location":null,"numPassingAsserts":3,"retryReasons":[],"startAt":1786496935905,"status":"passed","title":"GET /api/v1/twitch?type=bot redirects with bot scopes and type"},{"ancestorTitles":["createApp additional uncovered branches"],"duration":317,"failing":false,"failureDetails":[],"failureMessages":[],"fullName":"createApp additional uncovered branches GET /api/v1/auth/twitch redirects to /api/v1/twitch with type","invocations":1,"location":null,"numPassingAsserts":2,"retryReasons":[],"startAt":1786496938601,"status":"passed","title":"GET /api/v1/auth/twitch redirects to /api/v1/twitch with type"},{"ancestorTitles":["createApp additional uncovered branches"],"duration":360,"failing":false,"failureDetails":[],"failureMessages":[],"fullName":"createApp additional uncovered branches OAuth callback: axios.get user fetch returns unexpected shape -> 500 with details","invocations":1,"location":null,"numPassingAsserts":2,"retryReasons":[],"startAt":1786496938919,"status":"passed","title":"OAuth callback: axios.get user fetch returns unexpected shape -> 500 with details"},{"ancestorTitles":["createApp additional uncovered branches"],"duration":319,"failing":false,"failureDetails":[],"failureMessages":[],"fullName":"createApp additional uncovered branches POST /api/v1/admin/setup returns 500 when FS write fails","invocations":1,"location":null,"numPassingAsserts":1,"retryReasons":[],"startAt":1786496939280,"status":"passed","title":"POST /api/v1/admin/setup returns 500 when FS write fails"},{"ancestorTitles":["createApp additional uncovered branches"],"duration":317,"failing":false,"failureDetails":[],"failureMessages":[],"fullName":"createApp additional uncovered branches POST /api/v1/admin/login sets Secure cookie in prod","invocations":1,"location":null,"numPassingAsserts":2,"retryReasons":[],"startAt":1786496939600,"status":"passed","title":"POST /api/v1/admin/login sets Secure cookie in prod"},{"ancestorTitles":["createApp additional uncovered branches"],"duration":354,"failing":false,"failureDetails":[],"failureMessages":[],"fullName":"createApp additional uncovered branches GET /api/v1/chat/channels accepts cookie-based admin auth","invocations":1,"location":null,"numPassingAsserts":2,"retryReasons":[],"startAt":1786496939917,"status":"passed","title":"GET /api/v1/chat/channels accepts cookie-based admin auth"}],"endTime":1786496940272,"message":"","name":"D:\\Corey\\developments\\OpenDevBot\\src\\__tests__\\createApp.more2.test.ts","startTime":1786496935539,"status":"passed","summary":""},{"assertionResults":[{"ancestorTitles":["battleroyale command (expanded)"],"duration":2970,"failing":false,"failureDetails":[],"failureMessages":[],"fullName":"battleroyale command (expanded) starts and auto-adds simulated bots in dev and registers listener","invocations":1,"location":null,"numPassingAsserts":3,"retryReasons":[],"startAt":1786496940756,"status":"passed","title":"starts and auto-adds simulated bots in dev and registers listener"},{"ancestorTitles":["battleroyale command (expanded)"],"duration":117,"failing":false,"failureDetails":[],"failureMessages":[],"fullName":"battleroyale command (expanded) requires minimum participants in prod and cancels","invocations":1,"location":null,"numPassingAsserts":2,"retryReasons":[],"startAt":1786496943726,"status":"passed","title":"requires minimum participants in prod and cancels"},{"ancestorTitles":["battleroyale command (expanded)"],"duration":211,"failing":false,"failureDetails":[],"failureMessages":[],"fullName":"battleroyale command (expanded) awards survivors coins via balanceAdapter in dev","invocations":1,"location":null,"numPassingAsserts":1,"retryReasons":[],"startAt":1786496943843,"status":"passed","title":"awards survivors coins via balanceAdapter in dev"},{"ancestorTitles":["battleroyale command (expanded)"],"duration":204,"failing":false,"failureDetails":[],"failureMessages":[],"fullName":"battleroyale command (expanded) deterministic damage events produce CRITICAL vs normal damage","invocations":1,"location":null,"numPassingAsserts":3,"retryReasons":[],"startAt":1786496944055,"status":"passed","title":"deterministic damage events produce CRITICAL vs normal damage"},{"ancestorTitles":["battleroyale command (expanded)"],"duration":236,"failing":false,"failureDetails":[],"failureMessages":[],"fullName":"battleroyale command (expanded) sweep damage hits multiple targets deterministically","invocations":1,"location":null,"numPassingAsserts":2,"retryReasons":[],"startAt":1786496944260,"status":"passed","title":"sweep damage hits multiple targets deterministically"},{"ancestorTitles":["battleroyale command (expanded)"],"duration":215,"failing":false,"failureDetails":[],"failureMessages":[],"fullName":"battleroyale command (expanded) xp events and final XP math are applied to survivors","invocations":1,"location":null,"numPassingAsserts":2,"retryReasons":[],"startAt":1786496944496,"status":"passed","title":"xp events and final XP math are applied to survivors"}],"endTime":1786496944712,"message":"","name":"D:\\Corey\\developments\\OpenDevBot\\src\\__tests__\\commands\\commands_battleroyale.test.ts","startTime":1786496940295,"status":"passed","summary":""},{"assertionResults":[{"ancestorTitles":["createApp"],"duration":304,"failing":false,"failureDetails":[],"failureMessages":[],"fullName":"createApp redirects to Twitch authorize URL","invocations":1,"location":null,"numPassingAsserts":3,"retryReasons":[],"startAt":1786496945151,"status":"passed","title":"redirects to Twitch authorize URL"},{"ancestorTitles":["createApp"],"duration":266,"failing":false,"failureDetails":[],"failureMessages":[],"fullName":"createApp handles oauth callback success and saves token","invocations":1,"location":null,"numPassingAsserts":4,"retryReasons":[],"startAt":1786496945456,"status":"passed","title":"handles oauth callback success and saves token"},{"ancestorTitles":["createApp"],"duration":7,"failing":false,"failureDetails":[],"failureMessages":[],"fullName":"createApp returns 500 when axios token exchange fails with details","invocations":1,"location":null,"numPassingAsserts":2,"retryReasons":[],"startAt":1786496945722,"status":"passed","title":"returns 500 when axios token exchange fails with details"}],"endTime":1786496945730,"message":"","name":"D:\\Corey\\developments\\OpenDevBot\\src\\__tests__\\createApp.test.ts","startTime":1786496944760,"status":"passed","summary":""},{"assertionResults":[{"ancestorTitles":["chat helpers"],"duration":691,"failing":false,"failureDetails":[],"failureMessages":[],"fullName":"chat helpers getUsernamesFromDatabase returns logins","invocations":1,"location":null,"numPassingAsserts":1,"retryReasons":[],"startAt":1786496946111,"status":"passed","title":"getUsernamesFromDatabase returns logins"},{"ancestorTitles":["chat helpers"],"duration":447,"failing":false,"failureDetails":[],"failureMessages":[],"fullName":"chat helpers getUsernamesFromDatabase throws on DB error","invocations":1,"location":null,"numPassingAsserts":1,"retryReasons":[],"startAt":1786496946803,"status":"passed","title":"getUsernamesFromDatabase throws on DB error"}],"endTime":1786496947251,"message":"","name":"D:\\Corey\\developments\\OpenDevBot\\src\\__tests__\\chatHelpers.test.ts","startTime":1786496945800,"status":"passed","summary":""},{"assertionResults":[{"ancestorTitles":[],"duration":705,"failing":false,"failureDetails":[],"failureMessages":[],"fullName":"concurrent deposits and transfers remain consistent","invocations":1,"location":null,"numPassingAsserts":6,"retryReasons":[],"startAt":1786496949524,"status":"passed","title":"concurrent deposits and transfers remain consistent"}],"endTime":1786496950331,"message":"","name":"D:\\Corey\\developments\\OpenDevBot\\src\\__tests__\\concurrency.test.ts","startTime":1786496947305,"status":"passed","summary":""},{"assertionResults":[{"ancestorTitles":["transfer/duel integration (replica-set transactions)"],"duration":197,"failing":false,"failureDetails":[],"failureMessages":[],"fullName":"transfer/duel integration (replica-set transactions) transfer moves funds atomically","invocations":1,"location":null,"numPassingAsserts":2,"retryReasons":[],"startAt":1786496952861,"status":"passed","title":"transfer moves funds atomically"},{"ancestorTitles":["transfer/duel integration (replica-set transactions)"],"duration":87,"failing":false,"failureDetails":[],"failureMessages":[],"fullName":"transfer/duel integration (replica-set transactions) duel-like transfer under contention","invocations":1,"location":null,"numPassingAsserts":1,"retryReasons":[],"startAt":1786496953059,"status":"passed","title":"duel-like transfer under contention"}],"endTime":1786496953388,"message":"","name":"D:\\Corey\\developments\\OpenDevBot\\src\\__tests__\\transfer.duel.integration.test.ts","startTime":1786496950371,"status":"passed","summary":""},{"assertionResults":[{"ancestorTitles":["bots command"],"duration":1262,"failing":false,"failureDetails":[],"failureMessages":[],"fullName":"bots command add - adds new bot and enqueues webhook","invocations":1,"location":null,"numPassingAsserts":4,"retryReasons":[],"startAt":1786496953753,"status":"passed","title":"add - adds new bot and enqueues webhook"},{"ancestorTitles":["bots command"],"duration":497,"failing":false,"failureDetails":[],"failureMessages":[],"fullName":"bots command info - returns bot metadata","invocations":1,"location":null,"numPassingAsserts":1,"retryReasons":[],"startAt":1786496955015,"status":"passed","title":"info - returns bot metadata"},{"ancestorTitles":["bots command"],"duration":404,"failing":false,"failureDetails":[],"failureMessages":[],"fullName":"bots command remove - deletes bots and enqueues webhook","invocations":1,"location":null,"numPassingAsserts":4,"retryReasons":[],"startAt":1786496955512,"status":"passed","title":"remove - deletes bots and enqueues webhook"},{"ancestorTitles":["bots command"],"duration":417,"failing":false,"failureDetails":[],"failureMessages":[],"fullName":"bots command list - returns known bots","invocations":1,"location":null,"numPassingAsserts":3,"retryReasons":[],"startAt":1786496955916,"status":"passed","title":"list - returns known bots"}],"endTime":1786496956334,"message":"","name":"D:\\Corey\\developments\\OpenDevBot\\src\\__tests__\\commands\\commands_bots.test.ts","startTime":1786496953413,"status":"passed","summary":""},{"assertionResults":[{"ancestorTitles":[],"duration":509,"failing":false,"failureDetails":[],"failureMessages":[],"fullName":"higher stress concurrent deposits and transfers remain consistent","invocations":1,"location":null,"numPassingAsserts":7,"retryReasons":[],"startAt":1786496958543,"status":"passed","title":"higher stress concurrent deposits and transfers remain consistent"}],"endTime":1786496959149,"message":"","name":"D:\\Corey\\developments\\OpenDevBot\\src\\__tests__\\concurrency.stress.test.ts","startTime":1786496956350,"status":"passed","summary":""},{"assertionResults":[{"ancestorTitles":["createApp admin extra branches"],"duration":326,"failing":false,"failureDetails":[],"failureMessages":[],"fullName":"createApp admin extra branches POST /api/v1/admin/setup returns 403 when setup not enabled","invocations":1,"location":null,"numPassingAsserts":1,"retryReasons":[],"startAt":1786496959589,"status":"passed","title":"POST /api/v1/admin/setup returns 403 when setup not enabled"},{"ancestorTitles":["createApp admin extra branches"],"duration":10,"failing":false,"failureDetails":[],"failureMessages":[],"fullName":"createApp admin extra branches POST /api/v1/admin/setup validates setup token and missing body token","invocations":1,"location":null,"numPassingAsserts":2,"retryReasons":[],"startAt":1786496959916,"status":"passed","title":"POST /api/v1/admin/setup validates setup token and missing body token"},{"ancestorTitles":["createApp admin extra branches"],"duration":5,"failing":false,"failureDetails":[],"failureMessages":[],"fullName":"createApp admin extra branches POST /api/v1/admin/setup returns 400 when ADMIN_API_TOKEN already set","invocations":1,"location":null,"numPassingAsserts":1,"retryReasons":[],"startAt":1786496959926,"status":"passed","title":"POST /api/v1/admin/setup returns 400 when ADMIN_API_TOKEN already set"},{"ancestorTitles":["createApp admin extra branches"],"duration":5,"failing":false,"failureDetails":[],"failureMessages":[],"fullName":"createApp admin extra branches POST /api/v1/admin/setup persists token to .env when not present","invocations":1,"location":null,"numPassingAsserts":2,"retryReasons":[],"startAt":1786496959932,"status":"passed","title":"POST /api/v1/admin/setup persists token to .env when not present"},{"ancestorTitles":["createApp admin extra branches"],"duration":16,"failing":false,"failureDetails":[],"failureMessages":[],"fullName":"createApp admin extra branches POST /api/v1/admin/login and validation branches","invocations":1,"location":null,"numPassingAsserts":5,"retryReasons":[],"startAt":1786496959938,"status":"passed","title":"POST /api/v1/admin/login and validation branches"},{"ancestorTitles":["createApp admin extra branches"],"duration":379,"failing":false,"failureDetails":[],"failureMessages":[],"fullName":"createApp admin extra branches POST /api/v1/admin/reload success and failure paths","invocations":1,"location":null,"numPassingAsserts":2,"retryReasons":[],"startAt":1786496959955,"status":"passed","title":"POST /api/v1/admin/reload success and failure paths"},{"ancestorTitles":["createApp admin extra branches"],"duration":650,"failing":false,"failureDetails":[],"failureMessages":[],"fullName":"createApp admin extra branches POST /api/v1/chat/part validations and client part/quit","invocations":1,"location":null,"numPassingAsserts":3,"retryReasons":[],"startAt":1786496960334,"status":"passed","title":"POST /api/v1/chat/part validations and client part/quit"}],"endTime":1786496960985,"message":"","name":"D:\\Corey\\developments\\OpenDevBot\\src\\__tests__\\createApp.admin.extra.test.ts","startTime":1786496959183,"status":"passed","summary":""},{"assertionResults":[{"ancestorTitles":["createApp callback"],"duration":776,"failing":false,"failureDetails":[],"failureMessages":[],"fullName":"createApp callback exchanges code and saves token to DB","invocations":1,"location":null,"numPassingAsserts":3,"retryReasons":[],"startAt":1786496961385,"status":"passed","title":"exchanges code and saves token to DB"}],"endTime":1786496962162,"message":"","name":"D:\\Corey\\developments\\OpenDevBot\\src\\__tests__\\createAppCallback.test.ts","startTime":1786496961009,"status":"passed","summary":""},{"assertionResults":[{"ancestorTitles":["EventSub reconnection logic"],"duration":2103,"failing":false,"failureDetails":[],"failureMessages":[],"fullName":"EventSub reconnection logic recreates listener on disconnect","invocations":1,"location":null,"numPassingAsserts":4,"retryReasons":[],"startAt":1786496962557,"status":"passed","title":"recreates listener on disconnect"},{"ancestorTitles":["EventSub reconnection logic"],"duration":514,"failing":false,"failureDetails":[],"failureMessages":[],"fullName":"EventSub reconnection logic ignores duplicate reconnection attempts","invocations":1,"location":null,"numPassingAsserts":3,"retryReasons":[],"startAt":1786496964660,"status":"passed","title":"ignores duplicate reconnection attempts"}],"endTime":1786496965176,"message":"","name":"D:\\Corey\\developments\\OpenDevBot\\src\\__tests__\\eventSub.test.ts","startTime":1786496962220,"status":"passed","summary":""},{"assertionResults":[{"ancestorTitles":["createApp additional branches"],"duration":492,"failing":false,"failureDetails":[],"failureMessages":[],"fullName":"createApp additional branches GET /api/v1/chat/channels returns 500 when import fails","invocations":1,"location":null,"numPassingAsserts":1,"retryReasons":[],"startAt":1786496965583,"status":"passed","title":"GET /api/v1/chat/channels returns 500 when import fails"},{"ancestorTitles":["createApp additional branches"],"duration":340,"failing":false,"failureDetails":[],"failureMessages":[],"fullName":"createApp additional branches POST /api/v1/chat/join validates username and calls joinChannel","invocations":1,"location":null,"numPassingAsserts":3,"retryReasons":[],"startAt":1786496966075,"status":"passed","title":"POST /api/v1/chat/join validates username and calls joinChannel"},{"ancestorTitles":["createApp additional branches"],"duration":283,"failing":false,"failureDetails":[],"failureMessages":[],"fullName":"createApp additional branches OAuth callback updates existing token and calls save","invocations":1,"location":null,"numPassingAsserts":2,"retryReasons":[],"startAt":1786496966415,"status":"passed","title":"OAuth callback updates existing token and calls save"}],"endTime":1786496966699,"message":"","name":"D:\\Corey\\developments\\OpenDevBot\\src\\__tests__\\createApp.more.test.ts","startTime":1786496965214,"status":"passed","summary":""},{"assertionResults":[{"ancestorTitles":[],"duration":70,"failing":false,"failureDetails":[],"failureMessages":[],"fullName":"deposit rejects non-positive amounts","invocations":1,"location":null,"numPassingAsserts":2,"retryReasons":[],"startAt":1786496968886,"status":"passed","title":"deposit rejects non-positive amounts"},{"ancestorTitles":[],"duration":18,"failing":false,"failureDetails":[],"failureMessages":[],"fullName":"withdraw rejects non-positive and insufficient funds","invocations":1,"location":null,"numPassingAsserts":2,"retryReasons":[],"startAt":1786496968957,"status":"passed","title":"withdraw rejects non-positive and insufficient funds"},{"ancestorTitles":[],"duration":11,"failing":false,"failureDetails":[],"failureMessages":[],"fullName":"transfer rejects non-positive and fails when sender lacks funds","invocations":1,"location":null,"numPassingAsserts":2,"retryReasons":[],"startAt":1786496968975,"status":"passed","title":"transfer rejects non-positive and fails when sender lacks funds"},{"ancestorTitles":[],"duration":14,"failing":false,"failureDetails":[],"failureMessages":[],"fullName":"buyItem errors for missing item and insufficient funds","invocations":1,"location":null,"numPassingAsserts":2,"retryReasons":[],"startAt":1786496968986,"status":"passed","title":"buyItem errors for missing item and insufficient funds"}],"endTime":1786496969075,"message":"","name":"D:\\Corey\\developments\\OpenDevBot\\src\\__tests__\\economy.edge.test.ts","startTime":1786496966723,"status":"passed","summary":""},{"assertionResults":[{"ancestorTitles":["injury cleanup"],"duration":57,"failing":false,"failureDetails":[],"failureMessages":[],"fullName":"injury cleanup removes injuries older than TTL","invocations":1,"location":null,"numPassingAsserts":3,"retryReasons":[],"startAt":1786496971227,"status":"passed","title":"removes injuries older than TTL"}],"endTime":1786496971341,"message":"","name":"D:\\Corey\\developments\\OpenDevBot\\src\\__tests__\\injuryCleanup.test.ts","startTime":1786496969090,"status":"passed","summary":""},{"assertionResults":[{"ancestorTitles":[],"duration":128,"failing":false,"failureDetails":[],"failureMessages":[],"fullName":"deposit and withdraw basic","invocations":1,"location":null,"numPassingAsserts":3,"retryReasons":[],"startAt":1786496973505,"status":"passed","title":"deposit and withdraw basic"},{"ancestorTitles":[],"duration":14,"failing":false,"failureDetails":[],"failureMessages":[],"fullName":"transfer succeeds and is atomic","invocations":1,"location":null,"numPassingAsserts":2,"retryReasons":[],"startAt":1786496973634,"status":"passed","title":"transfer succeeds and is atomic"},{"ancestorTitles":[],"duration":16,"failing":false,"failureDetails":[],"failureMessages":[],"fullName":"buy item marketplace flow","invocations":1,"location":null,"numPassingAsserts":3,"retryReasons":[],"startAt":1786496973648,"status":"passed","title":"buy item marketplace flow"}],"endTime":1786496973731,"message":"","name":"D:\\Corey\\developments\\OpenDevBot\\src\\__tests__\\economy.test.ts","startTime":1786496971354,"status":"passed","summary":""},{"assertionResults":[{"ancestorTitles":["Admin webhook endpoints"],"duration":548,"failing":false,"failureDetails":[],"failureMessages":[],"fullName":"Admin webhook endpoints GET /api/v1/admin/webhooks returns paginated items","invocations":1,"location":null,"numPassingAsserts":4,"retryReasons":[],"startAt":1786496974125,"status":"passed","title":"GET /api/v1/admin/webhooks returns paginated items"},{"ancestorTitles":["Admin webhook endpoints"],"duration":311,"failing":false,"failureDetails":[],"failureMessages":[],"fullName":"Admin webhook endpoints POST /api/v1/admin/webhooks/requeue updates items","invocations":1,"location":null,"numPassingAsserts":3,"retryReasons":[],"startAt":1786496974674,"status":"passed","title":"POST /api/v1/admin/webhooks/requeue updates items"},{"ancestorTitles":["Admin webhook endpoints"],"duration":305,"failing":false,"failureDetails":[],"failureMessages":[],"fullName":"Admin webhook endpoints DELETE /api/v1/admin/webhooks removes items","invocations":1,"location":null,"numPassingAsserts":2,"retryReasons":[],"startAt":1786496974986,"status":"passed","title":"DELETE /api/v1/admin/webhooks removes items"}],"endTime":1786496975292,"message":"","name":"D:\\Corey\\developments\\OpenDevBot\\src\\__tests__\\admin_webhooks.test.ts","startTime":1786496973745,"status":"passed","summary":""},{"assertionResults":[{"ancestorTitles":["EventSub integration-style backoff and resubscribe"],"duration":706,"failing":false,"failureDetails":[],"failureMessages":[],"fullName":"EventSub integration-style backoff and resubscribe schedules a retry after subscription create failure and eventually succeeds","invocations":1,"location":null,"numPassingAsserts":2,"retryReasons":[],"startAt":1786496975650,"status":"passed","title":"schedules a retry after subscription create failure and eventually succeeds"}],"endTime":1786496976357,"message":"","name":"D:\\Corey\\developments\\OpenDevBot\\src\\__tests__\\eventSub.integration.test.ts","startTime":1786496975316,"status":"passed","summary":""},{"assertionResults":[{"ancestorTitles":["transfer command"],"duration":441,"failing":false,"failureDetails":[],"failureMessages":[],"fullName":"transfer command missing args returns usage","invocations":1,"location":null,"numPassingAsserts":2,"retryReasons":[],"startAt":1786496976743,"status":"passed","title":"missing args returns usage"},{"ancestorTitles":["transfer command"],"duration":206,"failing":false,"failureDetails":[],"failureMessages":[],"fullName":"transfer command invalid amount reports error","invocations":1,"location":null,"numPassingAsserts":2,"retryReasons":[],"startAt":1786496977184,"status":"passed","title":"invalid amount reports error"},{"ancestorTitles":["transfer command"],"duration":209,"failing":false,"failureDetails":[],"failureMessages":[],"fullName":"transfer command positive amount zero/negative rejected","invocations":1,"location":null,"numPassingAsserts":2,"retryReasons":[],"startAt":1786496977391,"status":"passed","title":"positive amount zero/negative rejected"},{"ancestorTitles":["transfer command"],"duration":31,"failing":false,"failureDetails":[],"failureMessages":[],"fullName":"transfer command successful transfer announces success","invocations":1,"location":null,"numPassingAsserts":3,"retryReasons":[],"startAt":1786496977601,"status":"passed","title":"successful transfer announces success"},{"ancestorTitles":["transfer command"],"duration":221,"failing":false,"failureDetails":[],"failureMessages":[],"fullName":"transfer command transfer failure reports error","invocations":1,"location":null,"numPassingAsserts":3,"retryReasons":[],"startAt":1786496977633,"status":"passed","title":"transfer failure reports error"}],"endTime":1786496977861,"message":"","name":"D:\\Corey\\developments\\OpenDevBot\\src\\__tests__\\commands\\commands_transfer.test.ts","startTime":1786496976404,"status":"passed","summary":""},{"assertionResults":[{"ancestorTitles":["logger"],"duration":203,"failing":false,"failureDetails":[],"failureMessages":[],"fullName":"logger info, warn and error write to console and error appends to file","invocations":1,"location":null,"numPassingAsserts":6,"retryReasons":[],"startAt":1786496978224,"status":"passed","title":"info, warn and error write to console and error appends to file"},{"ancestorTitles":["logger"],"duration":195,"failing":false,"failureDetails":[],"failureMessages":[],"fullName":"logger debug only logs when environment is dev","invocations":1,"location":null,"numPassingAsserts":2,"retryReasons":[],"startAt":1786496978428,"status":"passed","title":"debug only logs when environment is dev"},{"ancestorTitles":["logger"],"duration":212,"failing":false,"failureDetails":[],"failureMessages":[],"fullName":"logger time and timeEnd record and log elapsed time","invocations":1,"location":null,"numPassingAsserts":2,"retryReasons":[],"startAt":1786496978623,"status":"passed","title":"time and timeEnd record and log elapsed time"},{"ancestorTitles":["logger"],"duration":226,"failing":false,"failureDetails":[],"failureMessages":[],"fullName":"logger time/timeEnd falls back when hrtime.bigint is unavailable","invocations":1,"location":null,"numPassingAsserts":2,"retryReasons":[],"startAt":1786496978836,"status":"passed","title":"time/timeEnd falls back when hrtime.bigint is unavailable"},{"ancestorTitles":["logger"],"duration":190,"failing":false,"failureDetails":[],"failureMessages":[],"fullName":"logger timeEnd warns for unknown label","invocations":1,"location":null,"numPassingAsserts":2,"retryReasons":[],"startAt":1786496979062,"status":"passed","title":"timeEnd warns for unknown label"},{"ancestorTitles":["logger"],"duration":196,"failing":false,"failureDetails":[],"failureMessages":[],"fullName":"logger error handles appendFile rejection and falls back for circular objects","invocations":1,"location":null,"numPassingAsserts":5,"retryReasons":[],"startAt":1786496979253,"status":"passed","title":"error handles appendFile rejection and falls back for circular objects"}],"endTime":1786496979450,"message":"","name":"D:\\Corey\\developments\\OpenDevBot\\src\\__tests__\\logger.test.ts","startTime":1786496977884,"status":"passed","summary":""},{"assertionResults":[{"ancestorTitles":["economyService (non-transactional paths)"],"duration":358,"failing":false,"failureDetails":[],"failureMessages":[],"fullName":"economyService (non-transactional paths) deposit throws on non-positive amount and performs upsert increment","invocations":1,"location":null,"numPassingAsserts":4,"retryReasons":[],"startAt":1786496980802,"status":"passed","title":"deposit throws on non-positive amount and performs upsert increment"},{"ancestorTitles":["economyService (non-transactional paths)"],"duration":202,"failing":false,"failureDetails":[],"failureMessages":[],"fullName":"economyService (non-transactional paths) withdraw throws on insufficient funds and succeeds when sufficient","invocations":1,"location":null,"numPassingAsserts":5,"retryReasons":[],"startAt":1786496981161,"status":"passed","title":"withdraw throws on insufficient funds and succeeds when sufficient"},{"ancestorTitles":["economyService (non-transactional paths)"],"duration":233,"failing":false,"failureDetails":[],"failureMessages":[],"fullName":"economyService (non-transactional paths) transfer fallback path decrements and credits accounts","invocations":1,"location":null,"numPassingAsserts":3,"retryReasons":[],"startAt":1786496981364,"status":"passed","title":"transfer fallback path decrements and credits accounts"},{"ancestorTitles":["economyService (non-transactional paths)"],"duration":200,"failing":false,"failureDetails":[],"failureMessages":[],"fullName":"economyService (non-transactional paths) getOrCreateAccount returns existing or creates new account","invocations":1,"location":null,"numPassingAsserts":2,"retryReasons":[],"startAt":1786496981597,"status":"passed","title":"getOrCreateAccount returns existing or creates new account"},{"ancestorTitles":["economyService (non-transactional paths)"],"duration":40,"failing":false,"failureDetails":[],"failureMessages":[],"fullName":"economyService (non-transactional paths) buyItem transactional path: item not found and success path","invocations":1,"location":null,"numPassingAsserts":5,"retryReasons":[],"startAt":1786496981797,"status":"passed","title":"buyItem transactional path: item not found and success path"},{"ancestorTitles":["economyService (non-transactional paths)"],"duration":34,"failing":false,"failureDetails":[],"failureMessages":[],"fullName":"economyService (non-transactional paths) transfer rejects non-positive amounts","invocations":1,"location":null,"numPassingAsserts":1,"retryReasons":[],"startAt":1786496981838,"status":"passed","title":"transfer rejects non-positive amounts"},{"ancestorTitles":["economyService (non-transactional paths)"],"duration":33,"failing":false,"failureDetails":[],"failureMessages":[],"fullName":"economyService (non-transactional paths) listMarketplace and buyItem fallback (success and failure)","invocations":1,"location":null,"numPassingAsserts":5,"retryReasons":[],"startAt":1786496981873,"status":"passed","title":"listMarketplace and buyItem fallback (success and failure)"},{"ancestorTitles":["economyService (non-transactional paths)"],"duration":34,"failing":false,"failureDetails":[],"failureMessages":[],"fullName":"economyService (non-transactional paths) deposit using a provided session (transactional create-account path)","invocations":1,"location":null,"numPassingAsserts":3,"retryReasons":[],"startAt":1786496981906,"status":"passed","title":"deposit using a provided session (transactional create-account path)"},{"ancestorTitles":["economyService (non-transactional paths)"],"duration":35,"failing":false,"failureDetails":[],"failureMessages":[],"fullName":"economyService (non-transactional paths) withdraw using a provided session (transactional insufficient and success paths)","invocations":1,"location":null,"numPassingAsserts":3,"retryReasons":[],"startAt":1786496981941,"status":"passed","title":"withdraw using a provided session (transactional insufficient and success paths)"},{"ancestorTitles":["economyService (non-transactional paths)"],"duration":36,"failing":false,"failureDetails":[],"failureMessages":[],"fullName":"economyService (non-transactional paths) transfer uses transactions when supported (start/commit/abort paths)","invocations":1,"location":null,"numPassingAsserts":6,"retryReasons":[],"startAt":1786496981976,"status":"passed","title":"transfer uses transactions when supported (start/commit/abort paths)"}],"endTime":1786496982013,"message":"","name":"D:\\Corey\\developments\\OpenDevBot\\src\\__tests__\\economyService.test.ts","startTime":1786496979514,"status":"passed","summary":""},{"assertionResults":[{"ancestorTitles":["createApp webhook edge cases and reload errors"],"duration":185,"failing":false,"failureDetails":[],"failureMessages":[],"fullName":"createApp webhook edge cases and reload errors GET /api/v1/admin/webhooks with invalid status falls back to pending and validates limit bounds","invocations":1,"location":null,"numPassingAsserts":6,"retryReasons":[],"startAt":1786496982587,"status":"passed","title":"GET /api/v1/admin/webhooks with invalid status falls back to pending and validates limit bounds"},{"ancestorTitles":["createApp webhook edge cases and reload errors"],"duration":18,"failing":false,"failureDetails":[],"failureMessages":[],"fullName":"createApp webhook edge cases and reload errors POST /api/v1/admin/webhooks/requeue returns 400 for no ids and for invalid object ids","invocations":1,"location":null,"numPassingAsserts":2,"retryReasons":[],"startAt":1786496982773,"status":"passed","title":"POST /api/v1/admin/webhooks/requeue returns 400 for no ids and for invalid object ids"},{"ancestorTitles":["createApp webhook edge cases and reload errors"],"duration":9,"failing":false,"failureDetails":[],"failureMessages":[],"fullName":"createApp webhook edge cases and reload errors DELETE /api/v1/admin/webhooks returns 400 for no ids and for invalid object ids","invocations":1,"location":null,"numPassingAsserts":2,"retryReasons":[],"startAt":1786496982792,"status":"passed","title":"DELETE /api/v1/admin/webhooks returns 400 for no ids and for invalid object ids"},{"ancestorTitles":["createApp webhook edge cases and reload errors"],"duration":672,"failing":false,"failureDetails":[],"failureMessages":[],"fullName":"createApp webhook edge cases and reload errors POST /api/v1/admin/reload returns 200 when operations succeed and 500 when imports fail","invocations":1,"location":null,"numPassingAsserts":2,"retryReasons":[],"startAt":1786496982801,"status":"passed","title":"POST /api/v1/admin/reload returns 200 when operations succeed and 500 when imports fail"}],"endTime":1786496983474,"message":"","name":"D:\\Corey\\developments\\OpenDevBot\\src\\__tests__\\createApp.more3.test.ts","startTime":1786496982032,"status":"passed","summary":""},{"assertionResults":[{"ancestorTitles":[],"duration":123,"failing":false,"failureDetails":[],"failureMessages":[],"fullName":"deposit mirrors to UserModel and creates BankAccount via economyService","invocations":1,"location":null,"numPassingAsserts":2,"retryReasons":[],"startAt":1786496985670,"status":"passed","title":"deposit mirrors to UserModel and creates BankAccount via economyService"},{"ancestorTitles":[],"duration":12,"failing":false,"failureDetails":[],"failureMessages":[],"fullName":"debitWallet fails when insufficient funds and succeeds when enough","invocations":1,"location":null,"numPassingAsserts":3,"retryReasons":[],"startAt":1786496985794,"status":"passed","title":"debitWallet fails when insufficient funds and succeeds when enough"}],"endTime":1786496985880,"message":"","name":"D:\\Corey\\developments\\OpenDevBot\\src\\__tests__\\balanceAdapter.integration.test.ts","startTime":1786496983499,"status":"passed","summary":""},{"assertionResults":[{"ancestorTitles":["quote command"],"duration":459,"failing":false,"failureDetails":[],"failureMessages":[],"fullName":"quote command add quote saves and announces","invocations":1,"location":null,"numPassingAsserts":2,"retryReasons":[],"startAt":1786496987064,"status":"passed","title":"add quote saves and announces"},{"ancestorTitles":["quote command"],"duration":191,"failing":false,"failureDetails":[],"failureMessages":[],"fullName":"quote command remove quote not found announces not found","invocations":1,"location":null,"numPassingAsserts":2,"retryReasons":[],"startAt":1786496987524,"status":"passed","title":"remove quote not found announces not found"},{"ancestorTitles":["quote command"],"duration":203,"failing":false,"failureDetails":[],"failureMessages":[],"fullName":"quote command list random returns no quotes when empty","invocations":1,"location":null,"numPassingAsserts":2,"retryReasons":[],"startAt":1786496987716,"status":"passed","title":"list random returns no quotes when empty"},{"ancestorTitles":["quote command"],"duration":229,"failing":false,"failureDetails":[],"failureMessages":[],"fullName":"quote command list random returns a quote when present","invocations":1,"location":null,"numPassingAsserts":2,"retryReasons":[],"startAt":1786496987927,"status":"passed","title":"list random returns a quote when present"}],"endTime":1786496988157,"message":"","name":"D:\\Corey\\developments\\OpenDevBot\\src\\__tests__\\commands\\commands_quote.test.ts","startTime":1786496985899,"status":"passed","summary":""},{"assertionResults":[{"ancestorTitles":["logger branches and fallbacks"],"duration":197,"failing":false,"failureDetails":[],"failureMessages":[],"fullName":"logger branches and fallbacks error handles circular objects and writes a fallback string to file","invocations":1,"location":null,"numPassingAsserts":3,"retryReasons":[],"startAt":1786496988505,"status":"passed","title":"error handles circular objects and writes a fallback string to file"},{"ancestorTitles":["logger branches and fallbacks"],"duration":189,"failing":false,"failureDetails":[],"failureMessages":[],"fullName":"logger branches and fallbacks error appendFile rejection logs fallback to console.error","invocations":1,"location":null,"numPassingAsserts":2,"retryReasons":[],"startAt":1786496988702,"status":"passed","title":"error appendFile rejection logs fallback to console.error"},{"ancestorTitles":["logger branches and fallbacks"],"duration":234,"failing":false,"failureDetails":[],"failureMessages":[],"fullName":"logger branches and fallbacks time/timeEnd fallback when hrtime unavailable uses Date.now()","invocations":1,"location":null,"numPassingAsserts":2,"retryReasons":[],"startAt":1786496988891,"status":"passed","title":"time/timeEnd fallback when hrtime unavailable uses Date.now()"},{"ancestorTitles":["logger branches and fallbacks"],"duration":197,"failing":false,"failureDetails":[],"failureMessages":[],"fullName":"logger branches and fallbacks timeEnd unknown label warns","invocations":1,"location":null,"numPassingAsserts":2,"retryReasons":[],"startAt":1786496989125,"status":"passed","title":"timeEnd unknown label warns"}],"endTime":1786496989323,"message":"","name":"D:\\Corey\\developments\\OpenDevBot\\src\\__tests__\\logger_branches.test.ts","startTime":1786496988171,"status":"passed","summary":""},{"assertionResults":[{"ancestorTitles":["gamble command"],"duration":296,"failing":false,"failureDetails":[],"failureMessages":[],"fullName":"gamble command missing args prompts usage","invocations":1,"location":null,"numPassingAsserts":2,"retryReasons":[],"startAt":1786496989671,"status":"passed","title":"missing args prompts usage"},{"ancestorTitles":["gamble command"],"duration":223,"failing":false,"failureDetails":[],"failureMessages":[],"fullName":"gamble command insufficient funds path","invocations":1,"location":null,"numPassingAsserts":2,"retryReasons":[],"startAt":1786496989968,"status":"passed","title":"insufficient funds path"},{"ancestorTitles":["gamble command"],"duration":200,"failing":false,"failureDetails":[],"failureMessages":[],"fullName":"gamble command win path credits winnings and announces","invocations":1,"location":null,"numPassingAsserts":4,"retryReasons":[],"startAt":1786496990193,"status":"passed","title":"win path credits winnings and announces"},{"ancestorTitles":["gamble command"],"duration":192,"failing":false,"failureDetails":[],"failureMessages":[],"fullName":"gamble command lose path announces loss and does not credit","invocations":1,"location":null,"numPassingAsserts":3,"retryReasons":[],"startAt":1786496990393,"status":"passed","title":"lose path announces loss and does not credit"}],"endTime":1786496990586,"message":"","name":"D:\\Corey\\developments\\OpenDevBot\\src\\__tests__\\commands\\commands_gamble.test.ts","startTime":1786496989337,"status":"passed","summary":""},{"assertionResults":[{"ancestorTitles":["chat module (unit)"],"duration":801,"failing":false,"failureDetails":[],"failureMessages":[],"fullName":"chat module (unit) getChatClient initializes and shutdownChat disconnects","invocations":1,"location":null,"numPassingAsserts":3,"retryReasons":[],"startAt":1786496990925,"status":"passed","title":"getChatClient initializes and shutdownChat disconnects"}],"endTime":1786496991727,"message":"","name":"D:\\Corey\\developments\\OpenDevBot\\src\\__tests__\\chat.test.ts","startTime":1786496990598,"status":"passed","summary":""},{"assertionResults":[{"ancestorTitles":["quote command"],"duration":19,"failing":false,"failureDetails":[],"failureMessages":[],"fullName":"quote command add -> saves quote and sends confirmation","invocations":1,"location":null,"numPassingAsserts":2,"retryReasons":[],"startAt":1786496993764,"status":"passed","title":"add -> saves quote and sends confirmation"},{"ancestorTitles":["quote command"],"duration":0,"failing":false,"failureDetails":[],"failureMessages":[],"fullName":"quote command list by id -> says quote when found","invocations":1,"location":null,"numPassingAsserts":1,"retryReasons":[],"startAt":1786496993784,"status":"passed","title":"list by id -> says quote when found"},{"ancestorTitles":["quote command"],"duration":0,"failing":false,"failureDetails":[],"failureMessages":[],"fullName":"quote command list random when empty -> says no quotes found","invocations":1,"location":null,"numPassingAsserts":1,"retryReasons":[],"startAt":1786496993785,"status":"passed","title":"list random when empty -> says no quotes found"},{"ancestorTitles":["quote command"],"duration":1,"failing":false,"failureDetails":[],"failureMessages":[],"fullName":"quote command remove non-existent id -> not found message","invocations":1,"location":null,"numPassingAsserts":1,"retryReasons":[],"startAt":1786496993786,"status":"passed","title":"remove non-existent id -> not found message"}],"endTime":1786496993787,"message":"","name":"D:\\Corey\\developments\\OpenDevBot\\src\\__tests__\\quote.test.ts","startTime":1786496991769,"status":"passed","summary":""},{"assertionResults":[{"ancestorTitles":["migrated command unit tests (beg, dig, roulette)"],"duration":1078,"failing":false,"failureDetails":[],"failureMessages":[],"fullName":"migrated command unit tests (beg, dig, roulette) beg executes success path and calls balanceAdapter.creditWallet","invocations":1,"location":null,"numPassingAsserts":2,"retryReasons":[],"startAt":1786496994193,"status":"passed","title":"beg executes success path and calls balanceAdapter.creditWallet"},{"ancestorTitles":["migrated command unit tests (beg, dig, roulette)"],"duration":202,"failing":false,"failureDetails":[],"failureMessages":[],"fullName":"migrated command unit tests (beg, dig, roulette) dig bomb path debits wallet via balanceAdapter.debitWallet","invocations":1,"location":null,"numPassingAsserts":2,"retryReasons":[],"startAt":1786496995272,"status":"passed","title":"dig bomb path debits wallet via balanceAdapter.debitWallet"},{"ancestorTitles":["migrated command unit tests (beg, dig, roulette)"],"duration":198,"failing":false,"failureDetails":[],"failureMessages":[],"fullName":"migrated command unit tests (beg, dig, roulette) dig prize path credits wallet via balanceAdapter.creditWallet","invocations":1,"location":null,"numPassingAsserts":2,"retryReasons":[],"startAt":1786496995474,"status":"passed","title":"dig prize path credits wallet via balanceAdapter.creditWallet"},{"ancestorTitles":["migrated command unit tests (beg, dig, roulette)"],"duration":440,"failing":false,"failureDetails":[],"failureMessages":[],"fullName":"migrated command unit tests (beg, dig, roulette) roulette win path calls balanceAdapter.creditWallet","invocations":1,"location":null,"numPassingAsserts":2,"retryReasons":[],"startAt":1786496995672,"status":"passed","title":"roulette win path calls balanceAdapter.creditWallet"}],"endTime":1786496996113,"message":"","name":"D:\\Corey\\developments\\OpenDevBot\\src\\__tests__\\commands\\commands.migrated.test.ts","startTime":1786496993846,"status":"passed","summary":""},{"assertionResults":[{"ancestorTitles":["roulette command"],"duration":191,"failing":false,"failureDetails":[],"failureMessages":[],"fullName":"roulette command denies non-staff users","invocations":1,"location":null,"numPassingAsserts":2,"retryReasons":[],"startAt":1786496996464,"status":"passed","title":"denies non-staff users"},{"ancestorTitles":["roulette command"],"duration":193,"failing":false,"failureDetails":[],"failureMessages":[],"fullName":"roulette command loses when bullet in chamber (non-mod)","invocations":1,"location":null,"numPassingAsserts":3,"retryReasons":[],"startAt":1786496996656,"status":"passed","title":"loses when bullet in chamber (non-mod)"},{"ancestorTitles":["roulette command"],"duration":194,"failing":false,"failureDetails":[],"failureMessages":[],"fullName":"roulette command wins and gets credited when no bullet","invocations":1,"location":null,"numPassingAsserts":5,"retryReasons":[],"startAt":1786496996850,"status":"passed","title":"wins and gets credited when no bullet"}],"endTime":1786496997052,"message":"","name":"D:\\Corey\\developments\\OpenDevBot\\src\\__tests__\\commands\\commands_roulette.test.ts","startTime":1786496996134,"status":"passed","summary":""},{"assertionResults":[{"ancestorTitles":["authProvider"],"duration":202,"failing":false,"failureDetails":[],"failureMessages":[],"fullName":"authProvider getAuthProvider preloads tokens and registers bot user","invocations":1,"location":null,"numPassingAsserts":3,"retryReasons":[],"startAt":1786496997443,"status":"passed","title":"getAuthProvider preloads tokens and registers bot user"},{"ancestorTitles":["authProvider"],"duration":203,"failing":false,"failureDetails":[],"failureMessages":[],"fullName":"authProvider getChatAuthProvider handles missing bot token gracefully","invocations":1,"location":null,"numPassingAsserts":2,"retryReasons":[],"startAt":1786496997646,"status":"passed","title":"getChatAuthProvider handles missing bot token gracefully"},{"ancestorTitles":["authProvider"],"duration":196,"failing":false,"failureDetails":[],"failureMessages":[],"fullName":"authProvider getChatAuthProvider falls back to addUser when addUserForToken fails","invocations":1,"location":null,"numPassingAsserts":3,"retryReasons":[],"startAt":1786496997850,"status":"passed","title":"getChatAuthProvider falls back to addUser when addUserForToken fails"}],"endTime":1786496998047,"message":"","name":"D:\\Corey\\developments\\OpenDevBot\\src\\__tests__\\authProvider.test.ts","startTime":1786496997078,"status":"passed","summary":""},{"assertionResults":[{"ancestorTitles":[],"duration":1201,"failing":false,"failureDetails":[],"failureMessages":[],"fullName":"addpoints deposits to economyService and sends chat message","invocations":1,"location":null,"numPassingAsserts":4,"retryReasons":[],"startAt":1786496998425,"status":"passed","title":"addpoints deposits to economyService and sends chat message"},{"ancestorTitles":[],"duration":244,"failing":false,"failureDetails":[],"failureMessages":[],"fullName":"removepoints withdraws from economyService and handles insufficient funds","invocations":1,"location":null,"numPassingAsserts":5,"retryReasons":[],"startAt":1786496999627,"status":"passed","title":"removepoints withdraws from economyService and handles insufficient funds"},{"ancestorTitles":[],"duration":247,"failing":false,"failureDetails":[],"failureMessages":[],"fullName":"purgebalance zeros bank accounts and reports count","invocations":1,"location":null,"numPassingAsserts":2,"retryReasons":[],"startAt":1786496999872,"status":"passed","title":"purgebalance zeros bank accounts and reports count"}],"endTime":1786497000119,"message":"","name":"D:\\Corey\\developments\\OpenDevBot\\src\\__tests__\\moderation.commands.test.ts","startTime":1786496998061,"status":"passed","summary":""},{"assertionResults":[{"ancestorTitles":["ping command"],"duration":301,"failing":false,"failureDetails":[],"failureMessages":[],"fullName":"ping command !ping returns uptime and twitch ping","invocations":1,"location":null,"numPassingAsserts":2,"retryReasons":[],"startAt":1786497000514,"status":"passed","title":"!ping returns uptime and twitch ping"},{"ancestorTitles":["ping command"],"duration":201,"failing":false,"failureDetails":[],"failureMessages":[],"fullName":"ping command !ping game Vigor returns game id","invocations":1,"location":null,"numPassingAsserts":3,"retryReasons":[],"startAt":1786497000815,"status":"passed","title":"!ping game Vigor returns game id"},{"ancestorTitles":["ping command"],"duration":188,"failing":false,"failureDetails":[],"failureMessages":[],"fullName":"ping command !ping status returns status string","invocations":1,"location":null,"numPassingAsserts":2,"retryReasons":[],"startAt":1786497001017,"status":"passed","title":"!ping status returns status string"}],"endTime":1786497001206,"message":"","name":"D:\\Corey\\developments\\OpenDevBot\\src\\__tests__\\commands\\commands_ping.test.ts","startTime":1786497000134,"status":"passed","summary":""},{"assertionResults":[{"ancestorTitles":["beg command"],"duration":373,"failing":false,"failureDetails":[],"failureMessages":[],"fullName":"beg command cooldown path informs user to wait","invocations":1,"location":null,"numPassingAsserts":2,"retryReasons":[],"startAt":1786497001585,"status":"passed","title":"cooldown path informs user to wait"},{"ancestorTitles":["beg command"],"duration":30,"failing":false,"failureDetails":[],"failureMessages":[],"fullName":"beg command successful beg credits wallet and announces","invocations":1,"location":null,"numPassingAsserts":4,"retryReasons":[],"startAt":1786497001958,"status":"passed","title":"successful beg credits wallet and announces"},{"ancestorTitles":["beg command"],"duration":197,"failing":false,"failureDetails":[],"failureMessages":[],"fullName":"beg command failed beg announces failure and does not credit","invocations":1,"location":null,"numPassingAsserts":2,"retryReasons":[],"startAt":1786497001990,"status":"passed","title":"failed beg announces failure and does not credit"}],"endTime":1786497002188,"message":"","name":"D:\\Corey\\developments\\OpenDevBot\\src\\__tests__\\commands\\commands_beg.test.ts","startTime":1786497001219,"status":"passed","summary":""},{"assertionResults":[{"ancestorTitles":["retryWorker.attemptResubscribe"],"duration":6,"failing":false,"failureDetails":[],"failureMessages":[],"fullName":"retryWorker.attemptResubscribe marks failed when no token present","invocations":1,"location":null,"numPassingAsserts":1,"retryReasons":[],"startAt":1786497003809,"status":"passed","title":"marks failed when no token present"},{"ancestorTitles":["retryWorker.attemptResubscribe"],"duration":256,"failing":false,"failureDetails":[],"failureMessages":[],"fullName":"retryWorker.attemptResubscribe succeeds when subscription appears after targeted create","invocations":1,"location":null,"numPassingAsserts":2,"retryReasons":[],"startAt":1786497003815,"status":"passed","title":"succeeds when subscription appears after targeted create"},{"ancestorTitles":["retryWorker.attemptResubscribe"],"duration":151,"failing":false,"failureDetails":[],"failureMessages":[],"fullName":"retryWorker.attemptResubscribe records failure when token present but subscription not created","invocations":1,"location":null,"numPassingAsserts":1,"retryReasons":[],"startAt":1786497004071,"status":"passed","title":"records failure when token present but subscription not created"}],"endTime":1786497004223,"message":"","name":"D:\\Corey\\developments\\OpenDevBot\\src\\__tests__\\retryWorker.test.ts","startTime":1786497002239,"status":"passed","summary":""},{"assertionResults":[{"ancestorTitles":["createApp admin webhook endpoints"],"duration":171,"failing":false,"failureDetails":[],"failureMessages":[],"fullName":"createApp admin webhook endpoints GET /api/v1/admin/webhooks returns items with pagination and count","invocations":1,"location":null,"numPassingAsserts":3,"retryReasons":[],"startAt":1786497004822,"status":"passed","title":"GET /api/v1/admin/webhooks returns items with pagination and count"},{"ancestorTitles":["createApp admin webhook endpoints"],"duration":19,"failing":false,"failureDetails":[],"failureMessages":[],"fullName":"createApp admin webhook endpoints POST /api/v1/admin/webhooks/requeue validates ids and updates","invocations":1,"location":null,"numPassingAsserts":3,"retryReasons":[],"startAt":1786497004994,"status":"passed","title":"POST /api/v1/admin/webhooks/requeue validates ids and updates"},{"ancestorTitles":["createApp admin webhook endpoints"],"duration":9,"failing":false,"failureDetails":[],"failureMessages":[],"fullName":"createApp admin webhook endpoints DELETE /api/v1/admin/webhooks validates ids and deletes","invocations":1,"location":null,"numPassingAsserts":3,"retryReasons":[],"startAt":1786497005014,"status":"passed","title":"DELETE /api/v1/admin/webhooks validates ids and deletes"}],"endTime":1786497005024,"message":"","name":"D:\\Corey\\developments\\OpenDevBot\\src\\__tests__\\createApp.admin.test.ts","startTime":1786497004240,"status":"passed","summary":""},{"assertionResults":[{"ancestorTitles":["gamble command"],"duration":188,"failing":false,"failureDetails":[],"failureMessages":[],"fullName":"gamble command insufficient funds informs user","invocations":1,"location":null,"numPassingAsserts":2,"retryReasons":[],"startAt":1786497005365,"status":"passed","title":"insufficient funds informs user"},{"ancestorTitles":["gamble command"],"duration":228,"failing":false,"failureDetails":[],"failureMessages":[],"fullName":"gamble command winning credits user and announces win","invocations":1,"location":null,"numPassingAsserts":4,"retryReasons":[],"startAt":1786497005554,"status":"passed","title":"winning credits user and announces win"}],"endTime":1786497005783,"message":"","name":"D:\\Corey\\developments\\OpenDevBot\\src\\__tests__\\gamble.test.ts","startTime":1786497005047,"status":"passed","summary":""},{"assertionResults":[{"ancestorTitles":["logger level behavior"],"duration":199,"failing":false,"failureDetails":[],"failureMessages":[],"fullName":"logger level behavior info not printed when LOG_LEVEL=warn","invocations":1,"location":null,"numPassingAsserts":1,"retryReasons":[],"startAt":1786497006114,"status":"passed","title":"info not printed when LOG_LEVEL=warn"},{"ancestorTitles":["logger level behavior"],"duration":189,"failing":false,"failureDetails":[],"failureMessages":[],"fullName":"logger level behavior debug printed when LOG_LEVEL=debug","invocations":1,"location":null,"numPassingAsserts":1,"retryReasons":[],"startAt":1786497006314,"status":"passed","title":"debug printed when LOG_LEVEL=debug"}],"endTime":1786497006504,"message":"","name":"D:\\Corey\\developments\\OpenDevBot\\src\\__tests__\\util\\logger.test.ts","startTime":1786497005796,"status":"passed","summary":""},{"assertionResults":[{"ancestorTitles":["lurk auto-removal"],"duration":2,"failing":false,"failureDetails":[],"failureMessages":[],"fullName":"lurk auto-removal removes user from lurkingUsers, deletes DB entry, and announces","invocations":1,"location":null,"numPassingAsserts":3,"retryReasons":[],"startAt":1786497007416,"status":"passed","title":"removes user from lurkingUsers, deletes DB entry, and announces"},{"ancestorTitles":["lurk auto-removal"],"duration":1,"failing":false,"failureDetails":[],"failureMessages":[],"fullName":"lurk auto-removal does nothing when message is a command (starts with !)","invocations":1,"location":null,"numPassingAsserts":3,"retryReasons":[],"startAt":1786497007418,"status":"passed","title":"does nothing when message is a command (starts with !)"},{"ancestorTitles":["lurk auto-removal"],"duration":0,"failing":false,"failureDetails":[],"failureMessages":[],"fullName":"lurk auto-removal does nothing when user is not in lurkingUsers","invocations":1,"location":null,"numPassingAsserts":2,"retryReasons":[],"startAt":1786497007420,"status":"passed","title":"does nothing when user is not in lurkingUsers"},{"ancestorTitles":["lurk auto-removal"],"duration":1,"failing":false,"failureDetails":[],"failureMessages":[],"fullName":"lurk auto-removal logs a warning when DB deletion fails but still attempts announcement","invocations":1,"location":null,"numPassingAsserts":2,"retryReasons":[],"startAt":1786497007420,"status":"passed","title":"logs a warning when DB deletion fails but still attempts announcement"},{"ancestorTitles":["lurk auto-removal"],"duration":0,"failing":false,"failureDetails":[],"failureMessages":[],"fullName":"lurk auto-removal logs a warning when announcement fails after successful DB delete","invocations":1,"location":null,"numPassingAsserts":2,"retryReasons":[],"startAt":1786497007422,"status":"passed","title":"logs a warning when announcement fails after successful DB delete"}],"endTime":1786497007423,"message":"","name":"D:\\Corey\\developments\\OpenDevBot\\src\\__tests__\\lurk.autoRemove.test.ts","startTime":1786497006514,"status":"passed","summary":""},{"assertionResults":[{"ancestorTitles":["OAuth callback auto-join"],"duration":16,"failing":false,"failureDetails":[],"failureMessages":[],"fullName":"OAuth callback auto-join persists token and calls joinChannel for new user","invocations":1,"location":null,"numPassingAsserts":2,"retryReasons":[],"startAt":1786497008244,"status":"passed","title":"persists token and calls joinChannel for new user"}],"endTime":1786497008260,"message":"","name":"D:\\Corey\\developments\\OpenDevBot\\src\\__tests__\\createApp.join.integration.test.ts","startTime":1786497007473,"status":"passed","summary":""},{"assertionResults":[{"ancestorTitles":["economyService"],"duration":193,"failing":false,"failureDetails":[],"failureMessages":[],"fullName":"economyService deposit non-transactional succeeds and returns account","invocations":1,"location":null,"numPassingAsserts":3,"retryReasons":[],"startAt":1786497009597,"status":"passed","title":"deposit non-transactional succeeds and returns account"},{"ancestorTitles":["economyService"],"duration":49,"failing":false,"failureDetails":[],"failureMessages":[],"fullName":"economyService deposit rejects non-positive amounts","invocations":1,"location":null,"numPassingAsserts":2,"retryReasons":[],"startAt":1786497009790,"status":"passed","title":"deposit rejects non-positive amounts"},{"ancestorTitles":["economyService"],"duration":34,"failing":false,"failureDetails":[],"failureMessages":[],"fullName":"economyService withdraw non-transactional throws on insufficient funds","invocations":1,"location":null,"numPassingAsserts":1,"retryReasons":[],"startAt":1786497009840,"status":"passed","title":"withdraw non-transactional throws on insufficient funds"},{"ancestorTitles":["economyService"],"duration":35,"failing":false,"failureDetails":[],"failureMessages":[],"fullName":"economyService transfer fallback path succeeds","invocations":1,"location":null,"numPassingAsserts":2,"retryReasons":[],"startAt":1786497009875,"status":"passed","title":"transfer fallback path succeeds"},{"ancestorTitles":["economyService"],"duration":33,"failing":false,"failureDetails":[],"failureMessages":[],"fullName":"economyService listMarketplace returns items from MarketplaceItem.find","invocations":1,"location":null,"numPassingAsserts":2,"retryReasons":[],"startAt":1786497009911,"status":"passed","title":"listMarketplace returns items from MarketplaceItem.find"}],"endTime":1786497009945,"message":"","name":"D:\\Corey\\developments\\OpenDevBot\\src\\__tests__\\services_economyService.test.ts","startTime":1786497008284,"status":"passed","summary":""},{"assertionResults":[{"ancestorTitles":["transfer command (unit)"],"duration":127,"failing":false,"failureDetails":[],"failureMessages":[],"fullName":"transfer command (unit) calls balanceAdapter.transfer with parsed args","invocations":1,"location":null,"numPassingAsserts":1,"retryReasons":[],"startAt":1786497010505,"status":"passed","title":"calls balanceAdapter.transfer with parsed args"}],"endTime":1786497010633,"message":"","name":"D:\\Corey\\developments\\OpenDevBot\\src\\__tests__\\transfer.test.ts","startTime":1786497009961,"status":"passed","summary":""},{"assertionResults":[{"ancestorTitles":["util.sleep"],"duration":255,"failing":false,"failureDetails":[],"failureMessages":[],"fullName":"util.sleep sleeps for at least the provided time","invocations":1,"location":null,"numPassingAsserts":1,"retryReasons":[],"startAt":1786497010984,"status":"passed","title":"sleeps for at least the provided time"}],"endTime":1786497011240,"message":"","name":"D:\\Corey\\developments\\OpenDevBot\\src\\__tests__\\util.test.ts","startTime":1786497010656,"status":"passed","summary":""},{"assertionResults":[{"ancestorTitles":["hangman command"],"duration":260,"failing":false,"failureDetails":[],"failureMessages":[],"fullName":"hangman command start, letter guess and full-word guess win","invocations":1,"location":null,"numPassingAsserts":3,"retryReasons":[],"startAt":1786497011570,"status":"passed","title":"start, letter guess and full-word guess win"}],"endTime":1786497011831,"message":"","name":"D:\\Corey\\developments\\OpenDevBot\\src\\__tests__\\commands\\commands_hangman.test.ts","startTime":1786497011250,"status":"passed","summary":""},{"assertionResults":[{"ancestorTitles":["util/util helpers"],"duration":258,"failing":false,"failureDetails":[],"failureMessages":[],"fullName":"util/util helpers sleep resolves quickly and does not throw","invocations":1,"location":null,"numPassingAsserts":1,"retryReasons":[],"startAt":1786497012154,"status":"passed","title":"sleep resolves quickly and does not throw"},{"ancestorTitles":["util/util helpers"],"duration":0,"failing":false,"failureDetails":[],"failureMessages":[],"fullName":"util/util helpers limiter is exported as middleware function","invocations":1,"location":null,"numPassingAsserts":1,"retryReasons":[],"startAt":1786497012413,"status":"passed","title":"limiter is exported as middleware function"}],"endTime":1786497012414,"message":"","name":"D:\\Corey\\developments\\OpenDevBot\\src\\__tests__\\util_util.test.ts","startTime":1786497011842,"status":"passed","summary":""},{"assertionResults":[{"ancestorTitles":["safety.checkDropAllowed"],"duration":196,"failing":false,"failureDetails":[],"failureMessages":[],"fullName":"safety.checkDropAllowed allows in development environment","invocations":1,"location":null,"numPassingAsserts":1,"retryReasons":[],"startAt":1786497012747,"status":"passed","title":"allows in development environment"},{"ancestorTitles":["safety.checkDropAllowed"],"duration":1,"failing":false,"failureDetails":[],"failureMessages":[],"fullName":"safety.checkDropAllowed allows with --confirm flag","invocations":1,"location":null,"numPassingAsserts":1,"retryReasons":[],"startAt":1786497012944,"status":"passed","title":"allows with --confirm flag"},{"ancestorTitles":["safety.checkDropAllowed"],"duration":0,"failing":false,"failureDetails":[],"failureMessages":[],"fullName":"safety.checkDropAllowed allows with CONFIRM_DROP env","invocations":1,"location":null,"numPassingAsserts":1,"retryReasons":[],"startAt":1786497012945,"status":"passed","title":"allows with CONFIRM_DROP env"},{"ancestorTitles":["safety.checkDropAllowed"],"duration":0,"failing":false,"failureDetails":[],"failureMessages":[],"fullName":"safety.checkDropAllowed disallows otherwise","invocations":1,"location":null,"numPassingAsserts":1,"retryReasons":[],"startAt":1786497012946,"status":"passed","title":"disallows otherwise"},{"ancestorTitles":["safety.checkDropAllowed"],"duration":6,"failing":false,"failureDetails":[],"failureMessages":[],"fullName":"safety.checkDropAllowed requireDropAllowed throws when not allowed","invocations":1,"location":null,"numPassingAsserts":1,"retryReasons":[],"startAt":1786497012946,"status":"passed","title":"requireDropAllowed throws when not allowed"}],"endTime":1786497012953,"message":"","name":"D:\\Corey\\developments\\OpenDevBot\\src\\__tests__\\scripts\\safety.test.ts","startTime":1786497012426,"status":"passed","summary":""},{"assertionResults":[{"ancestorTitles":["authProvider internals safety"],"duration":199,"failing":false,"failureDetails":[],"failureMessages":[],"fullName":"authProvider internals safety getChatAuthProvider does not mutate provider internals","invocations":1,"location":null,"numPassingAsserts":3,"retryReasons":[],"startAt":1786497013274,"status":"passed","title":"getChatAuthProvider does not mutate provider internals"}],"endTime":1786497013474,"message":"","name":"D:\\Corey\\developments\\OpenDevBot\\src\\__tests__\\authProviderInternals.test.ts","startTime":1786497012963,"status":"passed","summary":""},{"assertionResults":[{"ancestorTitles":["wordScramble command"],"duration":249,"failing":false,"failureDetails":[],"failureMessages":[],"fullName":"wordScramble command start and correct guess","invocations":1,"location":null,"numPassingAsserts":2,"retryReasons":[],"startAt":1786497013801,"status":"passed","title":"start and correct guess"}],"endTime":1786497014051,"message":"","name":"D:\\Corey\\developments\\OpenDevBot\\src\\__tests__\\commands\\commands_wordscramble.test.ts","startTime":1786497013487,"status":"passed","summary":""},{"assertionResults":[{"ancestorTitles":["duel command (unit)"],"duration":279,"failing":false,"failureDetails":[],"failureMessages":[],"fullName":"duel command (unit) debits challenger and transfers on win (auto-accept)","invocations":1,"location":null,"numPassingAsserts":2,"retryReasons":[],"startAt":1786497014375,"status":"passed","title":"debits challenger and transfers on win (auto-accept)"}],"endTime":1786497014655,"message":"","name":"D:\\Corey\\developments\\OpenDevBot\\src\\__tests__\\duel.test.ts","startTime":1786497014062,"status":"passed","summary":""},{"assertionResults":[{"ancestorTitles":["util/constants exports"],"duration":229,"failing":false,"failureDetails":[],"failureMessages":[],"fullName":"util/constants exports exports webhook env values and arrays","invocations":1,"location":null,"numPassingAsserts":11,"retryReasons":[],"startAt":1786497014993,"status":"passed","title":"exports webhook env values and arrays"}],"endTime":1786497015223,"message":"","name":"D:\\Corey\\developments\\OpenDevBot\\src\\__tests__\\util_constants.test.ts","startTime":1786497014668,"status":"passed","summary":""},{"assertionResults":[{"ancestorTitles":["joinChannel (placeholder)"],"duration":192,"failing":false,"failureDetails":[],"failureMessages":[],"fullName":"joinChannel (placeholder) placeholder passes","invocations":1,"location":null,"numPassingAsserts":1,"retryReasons":[],"startAt":1786497015558,"status":"passed","title":"placeholder passes"}],"endTime":1786497015751,"message":"","name":"D:\\Corey\\developments\\OpenDevBot\\src\\__tests__\\joinChannel.unit.test.ts","startTime":1786497015238,"status":"passed","summary":""},{"assertionResults":[{"ancestorTitles":["SubscriptionManager (scaffolding)"],"duration":217,"failing":false,"failureDetails":[],"failureMessages":[],"fullName":"SubscriptionManager (scaffolding) creates a subscription and returns created status","invocations":1,"location":null,"numPassingAsserts":3,"retryReasons":[],"startAt":1786497016102,"status":"passed","title":"creates a subscription and returns created status"},{"ancestorTitles":["SubscriptionManager (scaffolding)"],"duration":0,"failing":false,"failureDetails":[],"failureMessages":[],"fullName":"SubscriptionManager (scaffolding) is idempotent: subsequent calls return existing","invocations":1,"location":null,"numPassingAsserts":3,"retryReasons":[],"startAt":1786497016320,"status":"passed","title":"is idempotent: subsequent calls return existing"},{"ancestorTitles":["SubscriptionManager (scaffolding)"],"duration":1,"failing":false,"failureDetails":[],"failureMessages":[],"fullName":"SubscriptionManager (scaffolding) markCreateFailed increments attempts and records error","invocations":1,"location":null,"numPassingAsserts":4,"retryReasons":[],"startAt":1786497016320,"status":"passed","title":"markCreateFailed increments attempts and records error"}],"endTime":1786497016323,"message":"","name":"D:\\Corey\\developments\\OpenDevBot\\src\\__tests__\\eventSubIdempotent.test.ts","startTime":1786497015761,"status":"passed","summary":""},{"assertionResults":[{"ancestorTitles":["balance command"],"duration":217,"failing":false,"failureDetails":[],"failureMessages":[],"fullName":"balance command balance forwards to bank message","invocations":1,"location":null,"numPassingAsserts":2,"retryReasons":[],"startAt":1786497016648,"status":"passed","title":"balance forwards to bank message"}],"endTime":1786497016866,"message":"","name":"D:\\Corey\\developments\\OpenDevBot\\src\\__tests__\\commands\\commands_balance.test.ts","startTime":1786497016336,"status":"passed","summary":""},{"assertionResults":[{"ancestorTitles":["commandHelpers"],"duration":194,"failing":false,"failureDetails":[],"failureMessages":[],"fullName":"commandHelpers parseCommandText parses command and args","invocations":1,"location":null,"numPassingAsserts":2,"retryReasons":[],"startAt":1786497017193,"status":"passed","title":"parseCommandText parses command and args"},{"ancestorTitles":["commandHelpers"],"duration":0,"failing":false,"failureDetails":[],"failureMessages":[],"fullName":"commandHelpers parseCommandText handles bare bang","invocations":1,"location":null,"numPassingAsserts":2,"retryReasons":[],"startAt":1786497017388,"status":"passed","title":"parseCommandText handles bare bang"},{"ancestorTitles":["commandHelpers"],"duration":0,"failing":false,"failureDetails":[],"failureMessages":[],"fullName":"commandHelpers getCooldownRemaining returns correct seconds","invocations":1,"location":null,"numPassingAsserts":3,"retryReasons":[],"startAt":1786497017389,"status":"passed","title":"getCooldownRemaining returns correct seconds"},{"ancestorTitles":["commandHelpers"],"duration":0,"failing":false,"failureDetails":[],"failureMessages":[],"fullName":"commandHelpers checkCommandPermission enforces moderator and devOnly rules","invocations":1,"location":null,"numPassingAsserts":5,"retryReasons":[],"startAt":1786497017390,"status":"passed","title":"checkCommandPermission enforces moderator and devOnly rules"},{"ancestorTitles":["
[...]
":67,"column":5},"end":{"line":67,"column":117}},"26":{"start":{"line":68,"column":5},"end":{"line":68,"column":61}},"27":{"start":{"line":70,"column":5},"end":{"line":70,"column":104}},"28":{"start":{"line":73,"column":4},"end":{"line":79,"column":5}},"29":{"start":{"line":74,"column":5},"end":{"line":74,"column":66}},"30":{"start":{"line":75,"column":5},"end":{"line":75,"column":55}},"31":{"start":{"line":77,"column":5},"end":{"line":77,"column":35}},"32":{"start":{"line":78,"column":5},"end":{"line":78,"column":64}},"33":{"start":{"line":82,"column":3},"end":{"line":88,"column":4}},"34":{"start":{"line":83,"column":4},"end":{"line":83,"column":65}},"35":{"start":{"line":84,"column":4},"end":{"line":84,"column":54}},"36":{"start":{"line":86,"column":4},"end":{"line":86,"column":34}},"37":{"start":{"line":87,"column":4},"end":{"line":87,"column":63}},"38":{"start":{"line":92,"column":0},"end":{"line":92,"column":21}}},"fnMap":{"0":{"name":"(anonymous_1)","decl":{"start":{"line":29,"column":10},"end":{"line":29,"column":15}},"loc":{"start":{"line":29,"column":98},"end":{"line":90,"column":2}}},"1":{"name":"(anonymous_2)","decl":{"start":{"line":40,"column":38},"end":{"line":40,"column":44}},"loc":{"start":{"line":40,"column":48},"end":{"line":40,"column":85}}}},"branchMap":{"0":{"loc":{"start":{"line":36,"column":2},"end":{"line":36,"column":84}},"type":"if","locations":[{"start":{"line":36,"column":2},"end":{"line":36,"column":84}},{"start":{},"end":{}}]},"1":{"loc":{"start":{"line":43,"column":3},"end":{"line":43,"column":44}},"type":"if","locations":[{"start":{"line":43,"column":3},"end":{"line":43,"column":44}},{"start":{},"end":{}}]},"2":{"loc":{"start":{"line":55,"column":9},"end":{"line":59,"column":11}},"type":"cond-expr","locations":[{"start":{"line":56,"column":8},"end":{"line":56,"column":64}},{"start":{"line":57,"column":8},"end":{"line":59,"column":11}}]},"3":{"loc":{"start":{"line":57,"column":8},"end":{"line":59,"column":11}},"type":"cond-expr","locations":[{"start":{"line":58,"column":9},"end":{"line":58,"column":62}},{"start":{"line":59,"column":9},"end":{"line":59,"column":11}}]},"4":{"loc":{"start":{"line":65,"column":4},"end":{"line":71,"column":5}},"type":"if","locations":[{"start":{"line":65,"column":4},"end":{"line":71,"column":5}},{"start":{"line":69,"column":11},"end":{"line":71,"column":5}}]},"5":{"loc":{"start":{"line":65,"column":8},"end":{"line":65,"column":46}},"type":"binary-expr","locations":[{"start":{"line":65,"column":8},"end":{"line":65,"column":16}},{"start":{"line":65,"column":20},"end":{"line":65,"column":46}}]},"6":{"loc":{"start":{"line":73,"column":4},"end":{"line":79,"column":5}},"type":"if","locations":[{"start":{"line":73,"column":4},"end":{"line":79,"column":5}},{"start":{"line":76,"column":11},"end":{"line":79,"column":5}}]},"7":{"loc":{"start":{"line":82,"column":3},"end":{"line":88,"column":4}},"type":"if","locations":[{"start":{"line":82,"column":3},"end":{"line":88,"column":4}},{"start":{"line":85,"column":10},"end":{"line":88,"column":4}}]}},"s":{"0":0,"1":0,"2":0,"3":0,"4":0,"5":0,"6":0,"7":0,"8":0,"9":0,"10":0,"11":0,"12":0,"13":0,"14":0,"15":0,"16":0,"17":0,"18":0,"19":0,"20":0,"21":0,"22":0,"23":0,"24":0,"25":0,"26":0,"27":0,"28":0,"29":0,"30":0,"31":0,"32":0,"33":0,"34":0,"35":0,"36":0,"37":0,"38":0},"f":{"0":0,"1":0},"b":{"0":[0,0],"1":[0,0],"2":[0,0],"3":[0,0],"4":[0,0],"5":[0,0],"6":[0,0],"7":[0,0]}},"D:\\Corey\\developments\\OpenDevBot\\src\\Commands\\Moderation\\unvip.ts":{"path":"D:\\Corey\\developments\\OpenDevBot\\src\\Commands\\Moderation\\unvip.ts","statementMap":{"0":{"start":{"line":3,"column":0},"end":{"line":3,"column":53}},"1":{"start":{"line":4,"column":0},"end":{"line":4,"column":43}},"2":{"start":{"line":6,"column":0},"end":{"line":6,"column":104}},"3":{"start":{"line":7,"column":0},"end":{"line":7,"column":57}},"4":{"start":{"line":8,"column":0},"end":{"line":8,"column":39}},"5":{"start":{"line":10,"column":23},"end":{"line":84,"column":2}},"6":{"start":{"line":15,"column":2},"end":{"line":15,"column":12}},"7":{"start":{"line":15,"column":13},"end":{"line":15,"column":23}},"8":{"start":{"line":16,"column":21},"end":{"line":16,"column":42}},"9":{"start":{"line":17,"column":24},"end":{"line":17,"column":42}},"10":{"start":{"line":19,"column":18},"end":{"line":19,"column":42}},"11":{"start":{"line":20,"column":23},"end":{"line":20,"column":104}},"12":{"start":{"line":21,"column":2},"end":{"line":21,"column":84}},"13":{"start":{"line":21,"column":16},"end":{"line":21,"column":84}},"14":{"start":{"line":23,"column":2},"end":{"line":82,"column":3}},"15":{"start":{"line":24,"column":31},"end":{"line":24,"column":121}},"16":{"start":{"line":25,"column":3},"end":{"line":25,"column":53}},"17":{"start":{"line":25,"column":46},"end":{"line":25,"column":53}},"18":{"start":{"line":26,"column":25},"end":{"line":26,"column":114}},"19":{"start":{"line":27,"column":20},"end":{"line":27,"column":87}},"20":{"start":{"line":27,"column":49},"end":{"line":27,"column":86}},"21":{"start":{"line":28,"column":19},"end":{"line":28,"column":79}},"22":{"start":{"line":30,"column":22},"end":{"line":30,"column":87}},"23":{"start":{"line":31,"column":3},"end":{"line":31,"column":44}},"24":{"start":{"line":31,"column":37},"end":{"line":31,"column":44}},"25":{"start":{"line":33,"column":21},"end":{"line":33,"column":115}},"26":{"start":{"line":34,"column":3},"end":{"line":34,"column":105}},"27":{"start":{"line":34,"column":48},"end":{"line":34,"column":105}},"28":{"start":{"line":36,"column":18},"end":{"line":36,"column":106}},"29":{"start":{"line":38,"column":22},"end":{"line":56,"column":19}},"30":{"start":{"line":57,"column":3},"end":{"line":73,"column":4}},"31":{"start":{"line":58,"column":4},"end":{"line":63,"column":5}},"32":{"start":{"line":59,"column":5},"end":{"line":59,"column":103}},"33":{"start":{"line":60,"column":5},"end":{"line":60,"column":100}},"34":{"start":{"line":62,"column":5},"end":{"line":62,"column":65}},"35":{"start":{"line":64,"column":4},"end":{"line":64,"column":54}},"36":{"start":{"line":66,"column":4},"end":{"line":72,"column":5}},"37":{"start":{"line":67,"column":5},"end":{"line":67,"column":66}},"38":{"start":{"line":68,"column":5},"end":{"line":68,"column":55}},"39":{"start":{"line":70,"column":5},"end":{"line":70,"column":35}},"40":{"start":{"line":71,"column":5},"end":{"line":71,"column":64}},"41":{"start":{"line":75,"column":3},"end":{"line":81,"column":4}},"42":{"start":{"line":76,"column":4},"end":{"line":76,"column":65}},"43":{"start":{"line":77,"column":4},"end":{"line":77,"column":54}},"44":{"start":{"line":79,"column":4},"end":{"line":79,"column":34}},"45":{"start":{"line":80,"column":4},"end":{"line":80,"column":63}},"46":{"start":{"line":85,"column":0},"end":{"line":85,"column":21}}},"fnMap":{"0":{"name":"(anonymous_1)","decl":{"start":{"line":14,"column":10},"end":{"line":14,"column":15}},"loc":{"start":{"line":14,"column":98},"end":{"line":83,"column":2}}},"1":{"name":"(anonymous_2)","decl":{"start":{"line":27,"column":39},"end":{"line":27,"column":45}},"loc":{"start":{"line":27,"column":49},"end":{"line":27,"column":86}}}},"branchMap":{"0":{"loc":{"start":{"line":21,"column":2},"end":{"line":21,"column":84}},"type":"if","locations":[{"start":{"line":21,"column":2},"end":{"line":21,"column":84}},{"start":{},"end":{}}]},"1":{"loc":{"start":{"line":25,"column":3},"end":{"line":25,"column":53}},"type":"if","locations":[{"start":{"line":25,"column":3},"end":{"line":25,"column":53}},{"start":{},"end":{}}]},"2":{"loc":{"start":{"line":28,"column":19},"end":{"line":28,"column":79}},"type":"binary-expr","locations":[{"start":{"line":28,"column":19},"end":{"line":28,"column":27}},{"start":{"line":28,"column":31},"end":{"line":28,"column":49}},{"start":{"line":28,"column":53},"end":{"line":28,"column":79}}]},"3":{"loc":{"start":{"line":31,"column":3},"end":{"line":31,"column":44}},"type":"if","locations":[{"start":{"line":31,"column":3},"end":{"line":31,"column":44}},{"start":{},"end":{}}]},"4":{"loc":{"start":{"line":34,"column":3},"end":{"line":34,"column":105}},"type":"if","locations":[{"start":{"line":34,"column":3},"end":{"line":34,"column":105}},{"start":{},"end":{}}]},"5":{"loc":{"start":{"line":48,"column":9},"end":{"line":52,"column":11}},"type":"cond-expr","locations":[{"start":{"line":49,"column":8},"end":{"line":49,"column":53}},{"start":{"line":50,"column":8},"end":{"line":52,"column":11}}]},"6":{"loc":{"start":{"line":50,"column":8},"end":{"line":52,"column":11}},"type":"cond-expr","locations":[{"start":{"line":51,"column":9},"end":{"line":51,"column":62}},{"start":{"line":52,"column":9},"end":{"line":52,"column":11}}]},"7":{"loc":{"start":{"line":58,"column":4},"end":{"line":63,"column":5}},"type":"if","locations":[{"start":{"line":58,"column":4},"end":{"line":63,"column":5}},{"start":{"line":61,"column":11},"end":{"line":63,"column":5}}]},"8":{"loc":{"start":{"line":58,"column":8},"end":{"line":58,"column":48}},"type":"binary-expr","locations":[{"start":{"line":58,"column":8},"end":{"line":58,"column":18}},{"start":{"line":58,"column":22},"end":{"line":58,"column":37}},{"start":{"line":58,"column":41},"end":{"line":58,"column":48}}]},"9":{"loc":{"start":{"line":66,"column":4},"end":{"line":72,"column":5}},"type":"if","locations":[{"start":{"line":66,"column":4},"end":{"line":72,"column":5}},{"start":{"line":69,"column":11},"end":{"line":72,"column":5}}]},"10":{"loc":{"start":{"line":75,"column":3},"end":{"line":81,"column":4}},"type":"if","locations":[{"start":{"line":75,"column":3},"end":{"line":81,"column":4}},{"start":{"line":78,"column":10},"end":{"line":81,"column":4}}]}},"s":{"0":0,"1":0,"2":0,"3":0,"4":0,"5":0,"6":0,"7":0,"8":0,"9":0,"10":0,"11":0,"12":0,"13":0,"14":0,"15":0,"16":0,"17":0,"18":0,"19":0,"20":0,"21":0,"22":0,"23":0,"24":0,"25":0,"26":0,"27":0,"28":0,"29":0,"30":0,"31":0,"32":0,"33":0,"34":0,"35":0,"36":0,"37":0,"38":0,"39":0,"40":0,"41":0,"42":0,"43":0,"44":0,"45":0,"46":0},"f":{"0":0,"1":0},"b":{"0":[0,0],"1":[0,0],"2":[0,0,0],"3":[0,0],"4":[0,0],"5":[0,0],"6":[0,0],"7":[0,0],"8":[0,0,0],"9":[0,0],"10":[0,0]}},"D:\\Corey\\developments\\OpenDevBot\\src\\Commands\\Moderation\\vip.ts":{"path":"D:\\Corey\\developments\\OpenDevBot\\src\\Commands\\Moderation\\vip.ts","statementMap":{"0":{"start":{"line":3,"column":0},"end":{"line":3,"column":53}},"1":{"start":{"line":4,"column":0},"end":{"line":4,"column":43}},"2":{"start":{"line":6,"column":0},"end":{"line":6,"column":104}},"3":{"start":{"line":7,"column":0},"end":{"line":7,"column":57}},"4":{"start":{"line":8,"column":0},"end":{"line":8,"column":39}},"5":{"start":{"line":10,"column":21},"end":{"line":103,"column":2}},"6":{"start":{"line":26,"column":2},"end":{"line":26,"column":12}},"7":{"start":{"line":26,"column":13},"end":{"line":26,"column":23}},"8":{"start":{"line":27,"column":21},"end":{"line":27,"column":42}},"9":{"start":{"line":28,"column":24},"end":{"line":28,"column":42}},"10":{"start":{"line":29,"column":23},"end":{"line":29,"column":104}},"11":{"start":{"line":30,"column":2},"end":{"line":101,"column":3}},"12":{"start":{"line":33,"column":25},"end":{"line":33,"column":114}},"13":{"start":{"line":34,"column":20},"end":{"line":34,"column":86}},"14":{"start":{"line":34,"column":48},"end":{"line":34,"column":85}},"15":{"start":{"line":35,"column":19},"end":{"line":35,"column":79}},"16":{"start":{"line":37,"column":3},"end":{"line":39,"column":4}},"17":{"start":{"line":38,"column":4},"end":{"line":38,"column":116}},"18":{"start":{"line":42,"column":3},"end":{"line":44,"column":4}},"19":{"start":{"line":43,"column":4},"end":{"line":43,"column":87}},"20":{"start":{"line":47,"column":22},"end":{"line":47,"column":87}},"21":{"start":{"line":48,"column":3},"end":{"line":50,"column":4}},"22":{"start":{"line":49,"column":4},"end":{"line":49,"column":11}},"23":{"start":{"line":53,"column":21},"end":{"line":53,"column":136}},"24":{"start":{"line":54,"column":22},"end":{"line":54,"column":36}},"25":{"start":{"line":55,"column":23},"end":{"line":55,"column":87}},"26":{"start":{"line":55,"column":52},"end":{"line":55,"column":86}},"27":{"start":{"line":56,"column":3},"end":{"line":58,"column":4}},"28":{"start":{"line":57,"column":4},"end":{"line":57,"column":109}},"29":{"start":{"line":61,"column":21},"end":{"line":61,"column":115}},"30":{"start":{"line":62,"column":3},"end":{"line":64,"column":4}},"31":{"start":{"line":62,"column":38},"end":{"line":62,"column":66}},"32":{"start":{"line":63,"column":4},"end":{"line":63,"column":71}},"33":{"start":{"line":66,"column":18},"end":{"line":66,"column":106}},"34":{"start":{"line":69,"column":20},"end":{"line":87,"column":19}},"35":{"start":{"line":89,"column":3},"end":{"line":95,"column":4}},"36":{"start":{"line":90,"column":4},"end":{"line":90,"column":118}},"37":{"start":{"line":91,"column":4},"end":{"line":91,"column":101}},"38":{"start":{"line":92,"column":4},"end":{"line":92,"column":52}},"39":{"start":{"line":94,"column":4},"end":{"line":94,"column":77}},"40":{"start":{"line":97,"column":3},"end":{"line":100,"column":4}},"41":{"start":{"line":98,"column":4},"end":{"line":98,"column":65}},"42":{"start":{"line":99,"column":4},"end":{"line":99,"column":84}},"43":{"start":{"line":104,"column":0},"end":{"line":104,"column":19}}},"fnMap":{"0":{"name":"(anonymous_1)","decl":{"start":{"line":25,"column":10},"end":{"line":25,"column":15}},"loc":{"start":{"line":25,"column":98},"end":{"line":102,"column":2}}},"1":{"name":"(anonymous_2)","decl":{"start":{"line":34,"column":38},"end":{"line":34,"column":44}},"loc":{"start":{"line":34,"column":48},"end":{"line":34,"column":85}}},"2":{"name":"(anonymous_3)","decl":{"start":{"line":55,"column":39},"end":{"line":55,"column":48}},"loc":{"start":{"line":55,"column":52},"end":{"line":55,"column":86}}},"3":{"name":"(anonymous_4)","decl":{"start":{"line":62,"column":27},"end":{"line":62,"column":34}},"loc":{"start":{"line":62,"column":38},"end":{"line":62,"column":66}}}},"branchMap":{"0":{"loc":{"start":{"line":35,"column":19},"end":{"line":35,"column":79}},"type":"binary-expr","locations":[{"start":{"line":35,"column":19},"end":{"line":35,"column":37}},{"start":{"line":35,"column":41},"end":{"line":35,"column":67}},{"start":{"line":35,"column":71},"end":{"line":35,"column":79}}]},"1":{"loc":{"start":{"line":37,"column":3},"end":{"line":39,"column":4}},"type":"if","locations":[{"start":{"line":37,"column":3},"end":{"line":39,"column":4}},{"start":{},"end":{}}]},"2":{"loc":{"start":{"line":42,"column":3},"end":{"line":44,"column":4}},"type":"if","locations":[{"start":{"line":42,"column":3},"end":{"line":44,"column":4}},{"start":{},"end":{}}]},"3":{"loc":{"start":{"line":48,"column":3},"end":{"line":50,"column":4}},"type":"if","locations":[{"start":{"line":48,"column":3},"end":{"line":50,"column":4}},{"start":{},"end":{}}]},"4":{"loc":{"start":{"line":56,"column":3},"end":{"line":58,"column":4}},"type":"if","locations":[{"start":{"line":56,"column":3},"end":{"line":58,"column":4}},{"start":{},"end":{}}]},"5":{"loc":{"start":{"line":62,"column":3},"end":{"line":64,"column":4}},"type":"if","locations":[{"start":{"line":62,"column":3},"end":{"line":64,"column":4}},{"start":{},"end":{}}]},"6":{"loc":{"start":{"line":79,"column":9},"end":{"line":83,"column":11}},"type":"cond-expr","locations":[{"start":{"line":80,"column":8},"end":{"line":80,"column":53}},{"start":{"line":81,"column":8},"end":{"line":83,"column":11}}]},"7":{"loc":{"start":{"line":81,"column":8},"end":{"line":83,"column":11}},"type":"cond-expr","locations":[{"start":{"line":82,"column":9},"end":{"line":82,"column":62}},{"start":{"line":83,"column":9},"end":{"line":83,"column":11}}]},"8":{"loc":{"start":{"line":89,"column":3},"end":{"line":95,"column":4}},"type":"if","locations":[{"start":{"line":89,"column":3},"end":{"line":95,"column":4}},{"start":{"line":93,"column":10},"end":{"line":95,"column":4}}]},"9":{"loc":{"start":{"line":97,"column":3},"end":{"line":100,"column":4}},"type":"if","locations":[{"start":{"line":97,"column":3},"end":{"line":100,"column":4}},{"start":{},"end":{}}]}},"s":{"0":0,"1":0,"2":0,"3":0,"4":0,"5":0,"6":0,"7":0,"8":0,"9":0,"10":0,"11":0,"12":0,"13":0,"14":0,"15":0,"16":0,"17":0,"18":0,"19":0,"20":0,"21":0,"22":0,"23":0,"24":0,"25":0,"26":0,"27":0,"28":0,"29":0,"30":0,"31":0,"32":0,"33":0,"34":0,"35":0,"36":0,"37":0,"38":0,"39":0,"40":0,"41":0,"42":0,"43":0},"f":{"0":0,"1":0,"2":0,"3":0},"b":{"0":[0,0,0],"1":[0,0],"2":[0,0],"3":[0,0],"4":[0,0],"5":[0,0],"6":[0,0],"7":[0,0],"8":[0,0],"9":[0,0]}},"D:\\Corey\\developments\\OpenDevBot\\src\\database\\models\\counterModel.ts":{"path":"D:\\Corey\\developments\\OpenDevBot\\src\\database\\models\\counterModel.ts","statementMap":{"0":{"start":{"line":1,"column":0},"end":{"line":1,"column":58}},"1":{"start":{"line":8,"column":22},"end":{"line":11,"column":2}},"2":{"start":{"line":13,"column":13},"end":{"line":13,"column":85}}},"fnMap":{},"branchMap":{},"s":{"0":0,"1":0,"2":0},"f":{},"b":{}},"D:\\Corey\\developments\\OpenDevBot\\src\\database\\models\\eventSubscriptions.ts":{"path":"D:\\Corey\\developments\\OpenDevBot\\src\\database\\models\\eventSubscriptions.ts","statementMap":{"0":{"start":{"line":1,"column":0},"end":{"line":1,"column":51}},"1":{"start":{"line":14,"column":31},"end":{"line":22,"column":24}},"2":{"start":{"line":25,"column":0},"end":{"line":25,"column":85}},"3":{"start":{"line":27,"column":13},"end":{"line":27,"column":103}}},"fnMap":{},"branchMap":{},"s":{"0":0,"1":0,"2":0,"3":0},"f":{},"b":{}},"D:\\Corey\\developments\\OpenDevBot\\src\\database\\models\\heist.ts":{"path":"D:\\Corey\\developments\\OpenDevBot\\src\\database\\models\\heist.ts","statementMap":{"0":{"start":{"line":1,"column":0},"end":{"line":1,"column":41}},"1":{"start":{"line":10,"column":20},"end":{"line":16,"column":2}},"2":{"start":{"line":18,"column":19},"end":{"line":18,"column":54}},"3":{"start":{"line":19,"column":0},"end":{"line":19,"column":26}}},"fnMap":{},"branchMap":{},"s":{"0":0,"1":0,"2":0,"3":0},"f":{},"b":{}},"D:\\Corey\\developments\\OpenDevBot\\src\\database\\models\\playerModel.ts":{"path":"D:\\Corey\\developments\\OpenDevBot\\src\\database\\models\\playerModel.ts","statementMap":{"0":{"start":{"line":1,"column":0},"end":{"line":1,"column":41}},"1":{"start":{"line":12,"column":19},"end":{"line":18,"column":2}},"2":{"start":{"line":21,"column":13},"end":{"line":21,"column":45}},"3":{"start":{"line":24,"column":0},"end":{"line":24,"column":20}}},"fnMap":{},"branchMap":{},"s":{"0":0,"1":0,"2":0,"3":0},"f":{},"b":{}},"D:\\Corey\\developments\\OpenDevBot\\src\\database\\models\\roulette.ts":{"path":"D:\\Corey\\developments\\OpenDevBot\\src\\database\\models\\roulette.ts","statementMap":{"0":{"start":{"line":1,"column":0},"end":{"line":1,"column":51}},"1":{"start":{"line":8,"column":27},"end":{"line":11,"column":2}},"2":{"start":{"line":13,"column":26},"end":{"line":13,"column":81}},"3":{"start":{"line":15,"column":0},"end":{"line":15,"column":33}}},"fnMap":{},"branchMap":{},"s":{"0":0,"1":0,"2":0,"3":0},"f":{},"b":{}},"D:\\Corey\\developments\\OpenDevBot\\src\\database\\models\\Participant.ts":{"path":"D:\\Corey\\developments\\OpenDevBot\\src\\database\\models\\Participant.ts","statementMap":{"0":{"start":{"line":1,"column":0},"end":{"line":1,"column":54}},"1":{"start":{"line":10,"column":26},"end":{"line":13,"column":2}},"2":{"start":{"line":15,"column":13},"end":{"line":15,"column":94}}},"fnMap":{},"branchMap":{},"s":{"0":0,"1":0,"2":0},"f":{},"b":{}},"D:\\Corey\\developments\\OpenDevBot\\src\\database\\models\\tfd_ouid.ts":{"path":"D:\\Corey\\developments\\OpenDevBot\\src\\database\\models\\tfd_ouid.ts","statementMap":{"0":{"start":{"line":1,"column":0},"end":{"line":1,"column":51}},"1":{"start":{"line":8,"column":18},"end":{"line":11,"column":2}},"2":{"start":{"line":13,"column":12},"end":{"line":13,"column":47}},"3":{"start":{"line":15,"column":0},"end":{"line":15,"column":19}}},"fnMap":{},"branchMap":{},"s":{"0":0,"1":0,"2":0,"3":0},"f":{},"b":{}}}}
